WARNING:tensorflow:From /scratch/hy2611/CNN_attention/main/new/main.py:63: The name tf.ConfigProto is deprecated. Please use tf.compat.v1.ConfigProto instead.

WARNING:tensorflow:From /scratch/hy2611/CNN_attention/main/new/main.py:65: The name tf.Session is deprecated. Please use tf.compat.v1.Session instead.

2024-12-16 10:47:22.003616: I tensorflow/core/platform/cpu_feature_guard.cc:142] Your CPU supports instructions that this TensorFlow binary was not compiled to use: AVX2 AVX512F FMA
2024-12-16 10:47:22.022513: I tensorflow/core/platform/profile_utils/cpu_utils.cc:94] CPU Frequency: 2900000000 Hz
2024-12-16 10:47:22.022955: I tensorflow/compiler/xla/service/service.cc:168] XLA service 0x3dfb7b0 initialized for platform Host (this does not guarantee that XLA will be used). Devices:
2024-12-16 10:47:22.022972: I tensorflow/compiler/xla/service/service.cc:176]   StreamExecutor device (0): Host, Default Version
2024-12-16 10:47:22.025829: I tensorflow/stream_executor/platform/default/dso_loader.cc:44] Successfully opened dynamic library libcuda.so.1
2024-12-16 10:47:22.170847: I tensorflow/compiler/xla/service/service.cc:168] XLA service 0x3dd5f70 initialized for platform CUDA (this does not guarantee that XLA will be used). Devices:
2024-12-16 10:47:22.170866: I tensorflow/compiler/xla/service/service.cc:176]   StreamExecutor device (0): Tesla V100-PCIE-32GB, Compute Capability 7.0
2024-12-16 10:47:22.171411: I tensorflow/core/common_runtime/gpu/gpu_device.cc:1618] Found device 0 with properties: 
name: Tesla V100-PCIE-32GB major: 7 minor: 0 memoryClockRate(GHz): 1.38
pciBusID: 0000:2f:00.0
2024-12-16 10:47:22.172641: W tensorflow/stream_executor/platform/default/dso_loader.cc:55] Could not load dynamic library 'libcudart.so.10.0'; dlerror: libcudart.so.10.0: cannot open shared object file: No such file or directory; LD_LIBRARY_PATH: /usr/local/nvidia/lib:/usr/local/nvidia/lib64:/.singularity.d/libs
2024-12-16 10:47:22.173717: W tensorflow/stream_executor/platform/default/dso_loader.cc:55] Could not load dynamic library 'libcublas.so.10.0'; dlerror: libcublas.so.10.0: cannot open shared object file: No such file or directory; LD_LIBRARY_PATH: /usr/local/nvidia/lib:/usr/local/nvidia/lib64:/.singularity.d/libs
2024-12-16 10:47:22.174753: W tensorflow/stream_executor/platform/default/dso_loader.cc:55] Could not load dynamic library 'libcufft.so.10.0'; dlerror: libcufft.so.10.0: cannot open shared object file: No such file or directory; LD_LIBRARY_PATH: /usr/local/nvidia/lib:/usr/local/nvidia/lib64:/.singularity.d/libs
2024-12-16 10:47:22.175920: W tensorflow/stream_executor/platform/default/dso_loader.cc:55] Could not load dynamic library 'libcurand.so.10.0'; dlerror: libcurand.so.10.0: cannot open shared object file: No such file or directory; LD_LIBRARY_PATH: /usr/local/nvidia/lib:/usr/local/nvidia/lib64:/.singularity.d/libs
2024-12-16 10:47:22.176985: W tensorflow/stream_executor/platform/default/dso_loader.cc:55] Could not load dynamic library 'libcusolver.so.10.0'; dlerror: libcusolver.so.10.0: cannot open shared object file: No such file or directory; LD_LIBRARY_PATH: /usr/local/nvidia/lib:/usr/local/nvidia/lib64:/.singularity.d/libs
2024-12-16 10:47:22.177982: W tensorflow/stream_executor/platform/default/dso_loader.cc:55] Could not load dynamic library 'libcusparse.so.10.0'; dlerror: libcusparse.so.10.0: cannot open shared object file: No such file or directory; LD_LIBRARY_PATH: /usr/local/nvidia/lib:/usr/local/nvidia/lib64:/.singularity.d/libs
2024-12-16 10:47:22.178991: W tensorflow/stream_executor/platform/default/dso_loader.cc:55] Could not load dynamic library 'libcudnn.so.7'; dlerror: libcudnn.so.7: cannot open shared object file: No such file or directory; LD_LIBRARY_PATH: /usr/local/nvidia/lib:/usr/local/nvidia/lib64:/.singularity.d/libs
2024-12-16 10:47:22.179003: W tensorflow/core/common_runtime/gpu/gpu_device.cc:1641] Cannot dlopen some GPU libraries. Please make sure the missing libraries mentioned above are installed properly if you would like to use GPU. Follow the guide at https://www.tensorflow.org/install/gpu for how to download and setup the required libraries for your platform.
Skipping registering GPU devices...
2024-12-16 10:47:22.179022: I tensorflow/core/common_runtime/gpu/gpu_device.cc:1159] Device interconnect StreamExecutor with strength 1 edge matrix:
2024-12-16 10:47:22.179027: I tensorflow/core/common_runtime/gpu/gpu_device.cc:1165]      0 
2024-12-16 10:47:22.179030: I tensorflow/core/common_runtime/gpu/gpu_device.cc:1178] 0:   N 
WARNING:tensorflow:From /scratch/hy2611/CNN_attention/main/new/main.py:69: The name tf.placeholder is deprecated. Please use tf.compat.v1.placeholder instead.

WARNING:tensorflow:From /scratch/hy2611/CNN_attention/main/new/vgg_16.py:61: The name tf.truncated_normal is deprecated. Please use tf.random.truncated_normal instead.

WARNING:tensorflow:From /scratch/hy2611/CNN_attention/main/new/vgg_16.py:87: The name tf.nn.max_pool is deprecated. Please use tf.nn.max_pool2d instead.

WARNING:tensorflow:
The TensorFlow contrib module will not be included in TensorFlow 2.0.
For more information, please see:
  * https://github.com/tensorflow/community/blob/master/rfcs/20180907-contrib-sunset.md
  * https://github.com/tensorflow/addons
  * https://github.com/tensorflow/io (for I/O related ops)
If you depend on functionality not listed there, please file an issue.

WARNING:tensorflow:From /scratch/hy2611/CNN_attention/main/new/vgg_16.py:15: sigmoid_cross_entropy (from tensorflow.contrib.losses.python.losses.loss_ops) is deprecated and will be removed after 2016-12-30.
Instructions for updating:
Use tf.losses.sigmoid_cross_entropy instead. Note that the order of the predictions and labels arguments has been changed.
WARNING:tensorflow:From /ext3/envs/vgg16_env/lib/python2.7/site-packages/tensorflow_core/python/ops/nn_impl.py:183: where (from tensorflow.python.ops.array_ops) is deprecated and will be removed in a future version.
Instructions for updating:
Use tf.where in 2.0, which has the same broadcast rule as np.where
WARNING:tensorflow:From /ext3/envs/vgg16_env/lib/python2.7/site-packages/tensorflow_core/contrib/losses/python/losses/loss_ops.py:322: compute_weighted_loss (from tensorflow.contrib.losses.python.losses.loss_ops) is deprecated and will be removed after 2016-12-30.
Instructions for updating:
Use tf.losses.compute_weighted_loss instead.
WARNING:tensorflow:From /ext3/envs/vgg16_env/lib/python2.7/site-packages/tensorflow_core/contrib/losses/python/losses/loss_ops.py:152: div (from tensorflow.python.ops.math_ops) is deprecated and will be removed in a future version.
Instructions for updating:
Deprecated in favor of operator or tf.math.divide.
WARNING:tensorflow:From /ext3/envs/vgg16_env/lib/python2.7/site-packages/tensorflow_core/contrib/losses/python/losses/loss_ops.py:121: add_loss (from tensorflow.contrib.losses.python.losses.loss_ops) is deprecated and will be removed after 2016-12-30.
Instructions for updating:
Use tf.losses.add_loss instead.
WARNING:tensorflow:From /scratch/hy2611/CNN_attention/main/new/vgg_16.py:17: The name tf.train.AdamOptimizer is deprecated. Please use tf.compat.v1.train.AdamOptimizer instead.

WARNING:tensorflow:From /scratch/hy2611/CNN_attention/main/new/vgg_16.py:25: The name tf.global_variables_initializer is deprecated. Please use tf.compat.v1.global_variables_initializer instead.

WARNING:tensorflow:From /scratch/hy2611/CNN_attention/main/new/main.py:82: The name tf.train.Saver is deprecated. Please use tf.compat.v1.train.Saver instead.


Verifying paths:
tc_path: /scratch/hy2611/CNN_attention/Data/VGG16/object_GradsTCs exists
weight_path: /scratch/hy2611/CNN_attention/Data/VGG16 exists
image_path: /scratch/hy2611/CNN_attention/Data/VGG16/images exists
save_path: /scratch/hy2611/CNN_attention/Data/VGG16 exists

Initializing model...
('c11', [1, 224, 224, 64])
('c12', [1, 224, 224, 64])
('c21', [1, 112, 112, 128])
('c22', [1, 112, 112, 128])
('c31', [1, 56, 56, 256])
('c32', [1, 56, 56, 256])
('c33', [1, 56, 56, 256])
('c41', [1, 28, 28, 512])
('c42', [1, 28, 28, 512])
('c43', [1, 28, 28, 512])
('c51', [1, 14, 14, 512])
('c52', [1, 14, 14, 512])
('c53', [1, 14, 14, 512])
(0, 'conv1_1_W', (3, 3, 3, 64))
(1, 'conv1_1_b', (64,))
(2, 'conv1_2_W', (3, 3, 64, 64))
(3, 'conv1_2_b', (64,))
(4, 'conv2_1_W', (3, 3, 64, 128))
(5, 'conv2_1_b', (128,))
(6, 'conv2_2_W', (3, 3, 128, 128))
(7, 'conv2_2_b', (128,))
(8, 'conv3_1_W', (3, 3, 128, 256))
(9, 'conv3_1_b', (256,))
(10, 'conv3_2_W', (3, 3, 256, 256))
(11, 'conv3_2_b', (256,))
(12, 'conv3_3_W', (3, 3, 256, 256))
(13, 'conv3_3_b', (256,))
(14, 'conv4_1_W', (3, 3, 256, 512))
(15, 'conv4_1_b', (512,))
(16, 'conv4_2_W', (3, 3, 512, 512))
(17, 'conv4_2_b', (512,))
(18, 'conv4_3_W', (3, 3, 512, 512))
(19, 'conv4_3_b', (512,))
(20, 'conv5_1_W', (3, 3, 512, 512))
(21, 'conv5_1_b', (512,))
(22, 'conv5_2_W', (3, 3, 512, 512))
(23, 'conv5_2_b', (512,))
(24, 'conv5_3_W', (3, 3, 512, 512))
(25, 'conv5_3_b', (512,))
(26, 'fc6_W', (25088, 4096))
(27, 'fc6_b', (4096,))
(28, 'fc7_W', (4096, 4096))
(29, 'fc7_b', (4096,))
Checking checkpoint files:
Data file: /scratch/hy2611/CNN_attention/Data/VGG16/catbins/catbin_5.ckpt.data-00000-of-00001 - Found
Index file: /scratch/hy2611/CNN_attention/Data/VGG16/catbins/catbin_5.ckpt.index - Found
Loading checkpoint from: /scratch/hy2611/CNN_attention/Data/VGG16/catbins/catbin_5.ckpt
Checkpoint loaded successfully

Initializing components...
Found tuning curves file: /scratch/hy2611/CNN_attention/Data/VGG16/object_GradsTCs/featvecs20_train35_c.txt

Loading category 5 data...
Original positive images shape: (2, 224, 224, 3)

Processing data...

Processing attention strength 0.0
Attention vector: [0. 0. 0. 0. 0. 0. 0. 0. 0. 0. 0. 0. 0.]

Processing batch 1/2
Attention strength: 0.0
Generating tuning curve attention maps...
Successfully generated 13 attention maps
Computing saliency maps...
Saliency statistics: min=0.00000, max=1.00000, mean=0.06079, std=0.06400
Saliency map shape: (1, 224, 224)
Non-zero elements: 50175
Value range: 0.0 - 1.0
Saliency map shape: (1, 224, 224)
Non-zero elements: 50175
Value range: 0.0 - 1.0

=== Debug Shapes After saliency computation ===
Saliency map shape: (1, 224, 224)
Attention map 0 shape: (1, 224, 224, 64)
Attention map 1 shape: (1, 224, 224, 64)
Attention map 2 shape: (1, 112, 112, 128)
Attention map 3 shape: (1, 112, 112, 128)
Attention map 4 shape: (1, 56, 56, 256)
Attention map 5 shape: (1, 56, 56, 256)
Attention map 6 shape: (1, 56, 56, 256)
Attention map 7 shape: (1, 28, 28, 512)
Attention map 8 shape: (1, 28, 28, 512)
Attention map 9 shape: (1, 28, 28, 512)
Attention map 10 shape: (1, 14, 14, 512)
Attention map 11 shape: (1, 14, 14, 512)
Attention map 12 shape: (1, 14, 14, 512)
Successfully generated saliency maps
Comparing saliency and attention maps...

After resizing:
Target shape: (224, 224)
Saliency map shape: (224, 224)
Attention map shape: (224, 224)

Normalized maps statistics:
Saliency - min: 0.00000, max: 1.00000, mean: 0.06079, std: 0.06400
Attention - min: 0.00000, max: 1.00000, mean: 0.40431, std: 0.11780

Metrics for layer 0:
  pearson_correlation: 0.0018
  kl_divergence: -4404.2583
  ssim: 0.0532
  iou: 0.1465
Layer 0 metrics:
  pearson_correlation: 0.0018
  kl_divergence: -4404.2583
  ssim: 0.0532
  iou: 0.1465

After resizing:
Target shape: (224, 224)
Saliency map shape: (224, 224)
Attention map shape: (224, 224)

Normalized maps statistics:
Saliency - min: 0.00000, max: 1.00000, mean: 0.06079, std: 0.06400
Attention - min: 0.00000, max: 1.00000, mean: 0.38371, std: 0.10999

Metrics for layer 1:
  pearson_correlation: -0.0008
  kl_divergence: -4250.0933
  ssim: 0.0614
  iou: 0.1438
Layer 1 metrics:
  pearson_correlation: -0.0008
  kl_divergence: -4250.0933
  ssim: 0.0614
  iou: 0.1438

After resizing:
Target shape: (112, 112)
Saliency map shape: (112, 112)
Attention map shape: (112, 112)

Normalized maps statistics:
Saliency - min: 0.00000, max: 1.00000, mean: 0.07963, std: 0.07093
Attention - min: 0.00000, max: 1.00000, mean: 0.38380, std: 0.12187

Metrics for layer 2:
  pearson_correlation: 0.0238
  kl_divergence: -1209.4312
  ssim: 0.0747
  iou: 0.1468
Layer 2 metrics:
  pearson_correlation: 0.0238
  kl_divergence: -1209.4312
  ssim: 0.0747
  iou: 0.1468

After resizing:
Target shape: (112, 112)
Saliency map shape: (112, 112)
Attention map shape: (112, 112)

Normalized maps statistics:
Saliency - min: 0.00000, max: 1.00000, mean: 0.07963, std: 0.07093
Attention - min: 0.00000, max: 1.00000, mean: 0.43247, std: 0.12863

Metrics for layer 3:
  pearson_correlation: -0.0147
  kl_divergence: -1325.9395
  ssim: 0.0566
  iou: 0.1340
Layer 3 metrics:
  pearson_correlation: -0.0147
  kl_divergence: -1325.9395
  ssim: 0.0566
  iou: 0.1340

After resizing:
Target shape: (56, 56)
Saliency map shape: (56, 56)
Attention map shape: (56, 56)

Normalized maps statistics:
Saliency - min: 0.00000, max: 1.00000, mean: 0.11024, std: 0.10024
Attention - min: 0.00000, max: 1.00000, mean: 0.41193, std: 0.12697

Metrics for layer 4:
  pearson_correlation: -0.0332
  kl_divergence: -318.3831
  ssim: 0.0672
  iou: 0.1329
Layer 4 metrics:
  pearson_correlation: -0.0332
  kl_divergence: -318.3831
  ssim: 0.0672
  iou: 0.1329

After resizing:
Target shape: (56, 56)
Saliency map shape: (56, 56)
Attention map shape: (56, 56)

Normalized maps statistics:
Saliency - min: 0.00000, max: 1.00000, mean: 0.11024, std: 0.10024
Attention - min: 0.00000, max: 1.00000, mean: 0.45066, std: 0.12900

Metrics for layer 5:
  pearson_correlation: 0.0142
  kl_divergence: -356.2542
  ssim: 0.0841
  iou: 0.1563
Layer 5 metrics:
  pearson_correlation: 0.0142
  kl_divergence: -356.2542
  ssim: 0.0841
  iou: 0.1563

After resizing:
Target shape: (56, 56)
Saliency map shape: (56, 56)
Attention map shape: (56, 56)

Normalized maps statistics:
Saliency - min: 0.00000, max: 1.00000, mean: 0.11024, std: 0.10024
Attention - min: 0.00000, max: 1.00000, mean: 0.45350, std: 0.14525

Metrics for layer 6:
  pearson_correlation: -0.0330
  kl_divergence: -350.2531
  ssim: 0.0443
  iou: 0.1379
Layer 6 metrics:
  pearson_correlation: -0.0330
  kl_divergence: -350.2531
  ssim: 0.0443
  iou: 0.1379

After resizing:
Target shape: (28, 28)
Saliency map shape: (28, 28)
Attention map shape: (28, 28)

Normalized maps statistics:
Saliency - min: 0.00000, max: 1.00000, mean: 0.12111, std: 0.11528
Attention - min: 0.00000, max: 1.00000, mean: 0.45020, std: 0.16279

Metrics for layer 7:
  pearson_correlation: -0.0132
  kl_divergence: -79.3327
  ssim: 0.0284
  iou: 0.1529
Layer 7 metrics:
  pearson_correlation: -0.0132
  kl_divergence: -79.3327
  ssim: 0.0284
  iou: 0.1529

After resizing:
Target shape: (28, 28)
Saliency map shape: (28, 28)
Attention map shape: (28, 28)

Normalized maps statistics:
Saliency - min: 0.00000, max: 1.00000, mean: 0.12111, std: 0.11528
Attention - min: 0.00000, max: 1.00000, mean: 0.48409, std: 0.16969

Metrics for layer 8:
  pearson_correlation: -0.0045
  kl_divergence: -88.5294
  ssim: 0.0700
  iou: 0.1462
Layer 8 metrics:
  pearson_correlation: -0.0045
  kl_divergence: -88.5294
  ssim: 0.0700
  iou: 0.1462

After resizing:
Target shape: (28, 28)
Saliency map shape: (28, 28)
Attention map shape: (28, 28)

Normalized maps statistics:
Saliency - min: 0.00000, max: 1.00000, mean: 0.12111, std: 0.11528
Attention - min: 0.00000, max: 1.00000, mean: 0.45375, std: 0.14177

Metrics for layer 9:
  pearson_correlation: 0.0075
  kl_divergence: -84.7872
  ssim: 0.0518
  iou: 0.1200
Layer 9 metrics:
  pearson_correlation: 0.0075
  kl_divergence: -84.7872
  ssim: 0.0518
  iou: 0.1200

After resizing:
Target shape: (14, 14)
Saliency map shape: (14, 14)
Attention map shape: (14, 14)

Normalized maps statistics:
Saliency - min: 0.00000, max: 1.00000, mean: 0.16107, std: 0.13879
Attention - min: 0.00000, max: 1.00000, mean: 0.48154, std: 0.19841

Metrics for layer 10:
  pearson_correlation: 0.0423
  kl_divergence: -20.3739
  ssim: 0.0449
  iou: 0.1529
Layer 10 metrics:
  pearson_correlation: 0.0423
  kl_divergence: -20.3739
  ssim: 0.0449
  iou: 0.1529

After resizing:
Target shape: (14, 14)
Saliency map shape: (14, 14)
Attention map shape: (14, 14)

Normalized maps statistics:
Saliency - min: 0.00000, max: 1.00000, mean: 0.16107, std: 0.13879
Attention - min: 0.00000, max: 1.00000, mean: 0.45121, std: 0.19133

Metrics for layer 11:
  pearson_correlation: -0.0207
  kl_divergence: -10.8705
  ssim: 0.0568
  iou: 0.1395
Layer 11 metrics:
  pearson_correlation: -0.0207
  kl_divergence: -10.8705
  ssim: 0.0568
  iou: 0.1395

After resizing:
Target shape: (14, 14)
Saliency map shape: (14, 14)
Attention map shape: (14, 14)

Normalized maps statistics:
Saliency - min: 0.00000, max: 1.00000, mean: 0.16107, std: 0.13879
Attention - min: 0.00000, max: 1.00000, mean: 0.48889, std: 0.20613

Metrics for layer 12:
  pearson_correlation: 0.0687
  kl_divergence: -16.0148
  ssim: 0.0985
  iou: 0.2099
Layer 12 metrics:
  pearson_correlation: 0.0687
  kl_divergence: -16.0148
  ssim: 0.0985
  iou: 0.2099
Analyzing attention effects...
Computing baseline responses...
Computing responses with attention...

Creating feed dict:

Creating feed dict:
Successfully analyzed attention effects
Generating visualizations...
Saliency (final) stats at visualization: min=0.00000, max=1.00000, mean=0.06079, std=0.06400
Saved visualization for image 0
Saved batch results to /scratch/hy2611/CNN_attention/Data/VGG16/attention_results_cat5_layer2/batch_0_strength_0.0_results.npy

Processing batch 2/2
Attention strength: 0.0
Generating tuning curve attention maps...
Successfully generated 13 attention maps
Computing saliency maps...
Saliency statistics: min=0.00000, max=1.00000, mean=0.03700, std=0.03738
Saliency map shape: (1, 224, 224)
Non-zero elements: 50175
Value range: 0.0 - 1.0
Saliency map shape: (1, 224, 224)
Non-zero elements: 50175
Value range: 0.0 - 1.0

=== Debug Shapes After saliency computation ===
Saliency map shape: (1, 224, 224)
Attention map 0 shape: (1, 224, 224, 64)
Attention map 1 shape: (1, 224, 224, 64)
Attention map 2 shape: (1, 112, 112, 128)
Attention map 3 shape: (1, 112, 112, 128)
Attention map 4 shape: (1, 56, 56, 256)
Attention map 5 shape: (1, 56, 56, 256)
Attention map 6 shape: (1, 56, 56, 256)
Attention map 7 shape: (1, 28, 28, 512)
Attention map 8 shape: (1, 28, 28, 512)
Attention map 9 shape: (1, 28, 28, 512)
Attention map 10 shape: (1, 14, 14, 512)
Attention map 11 shape: (1, 14, 14, 512)
Attention map 12 shape: (1, 14, 14, 512)
Successfully generated saliency maps
Comparing saliency and attention maps...

After resizing:
Target shape: (224, 224)
Saliency map shape: (224, 224)
Attention map shape: (224, 224)

Normalized maps statistics:
Saliency - min: 0.00000, max: 1.00000, mean: 0.03700, std: 0.03738
Attention - min: 0.00000, max: 1.00000, mean: 0.43857, std: 0.12392

Metrics for layer 0:
  pearson_correlation: -0.0026
  kl_divergence: -3828.7766
  ssim: 0.0315
  iou: 0.1435
Layer 0 metrics:
  pearson_correlation: -0.0026
  kl_divergence: -3828.7766
  ssim: 0.0315
  iou: 0.1435

After resizing:
Target shape: (224, 224)
Saliency map shape: (224, 224)
Attention map shape: (224, 224)

Normalized maps statistics:
Saliency - min: 0.00000, max: 1.00000, mean: 0.03700, std: 0.03738
Attention - min: 0.00000, max: 1.00000, mean: 0.44774, std: 0.11817

Metrics for layer 1:
  pearson_correlation: -0.0004
  kl_divergence: -3880.3760
  ssim: 0.0336
  iou: 0.1411
Layer 1 metrics:
  pearson_correlation: -0.0004
  kl_divergence: -3880.3760
  ssim: 0.0336
  iou: 0.1411

After resizing:
Target shape: (112, 112)
Saliency map shape: (112, 112)
Attention map shape: (112, 112)

Normalized maps statistics:
Saliency - min: 0.00000, max: 1.00000, mean: 0.07117, std: 0.06162
Attention - min: 0.00000, max: 1.00000, mean: 0.44512, std: 0.12693

Metrics for layer 2:
  pearson_correlation: 0.0008
  kl_divergence: -1339.9357
  ssim: 0.0524
  iou: 0.1441
Layer 2 metrics:
  pearson_correlation: 0.0008
  kl_divergence: -1339.9357
  ssim: 0.0524
  iou: 0.1441

After resizing:
Target shape: (112, 112)
Saliency map shape: (112, 112)
Attention map shape: (112, 112)

Normalized maps statistics:
Saliency - min: 0.00000, max: 1.00000, mean: 0.07117, std: 0.06162
Attention - min: 0.00000, max: 1.00000, mean: 0.43305, std: 0.12607

Metrics for layer 3:
  pearson_correlation: -0.0149
  kl_divergence: -1312.2218
  ssim: 0.0538
  iou: 0.1327
Layer 3 metrics:
  pearson_correlation: -0.0149
  kl_divergence: -1312.2218
  ssim: 0.0538
  iou: 0.1327

After resizing:
Target shape: (56, 56)
Saliency map shape: (56, 56)
Attention map shape: (56, 56)

Normalized maps statistics:
Saliency - min: 0.00000, max: 1.00000, mean: 0.11423, std: 0.10009
Attention - min: 0.00000, max: 1.00000, mean: 0.45404, std: 0.15711

Metrics for layer 4:
  pearson_correlation: 0.0218
  kl_divergence: -361.2858
  ssim: 0.0597
  iou: 0.1445
Layer 4 metrics:
  pearson_correlation: 0.0218
  kl_divergence: -361.2858
  ssim: 0.0597
  iou: 0.1445

After resizing:
Target shape: (56, 56)
Saliency map shape: (56, 56)
Attention map shape: (56, 56)

Normalized maps statistics:
Saliency - min: 0.00000, max: 1.00000, mean: 0.11423, std: 0.10009
Attention - min: 0.00000, max: 1.00000, mean: 0.54032, std: 0.13115

Metrics for layer 5:
  pearson_correlation: -0.0167
  kl_divergence: -436.5047
  ssim: 0.0451
  iou: 0.1404
Layer 5 metrics:
  pearson_correlation: -0.0167
  kl_divergence: -436.5047
  ssim: 0.0451
  iou: 0.1404

After resizing:
Target shape: (56, 56)
Saliency map shape: (56, 56)
Attention map shape: (56, 56)

Normalized maps statistics:
Saliency - min: 0.00000, max: 1.00000, mean: 0.11423, std: 0.10009
Attention - min: 0.00000, max: 1.00000, mean: 0.47014, std: 0.14825

Metrics for layer 6:
  pearson_correlation: -0.0080
  kl_divergence: -377.6370
  ssim: 0.0412
  iou: 0.1454
Layer 6 metrics:
  pearson_correlation: -0.0080
  kl_divergence: -377.6370
  ssim: 0.0412
  iou: 0.1454

After resizing:
Target shape: (28, 28)
Saliency map shape: (28, 28)
Attention map shape: (28, 28)

Normalized maps statistics:
Saliency - min: 0.00000, max: 1.00000, mean: 0.07594, std: 0.07019
Attention - min: 0.00000, max: 1.00000, mean: 0.47900, std: 0.16897

Metrics for layer 7:
  pearson_correlation: -0.0177
  kl_divergence: -85.7907
  ssim: 0.0129
  iou: 0.1297
Layer 7 metrics:
  pearson_correlation: -0.0177
  kl_divergence: -85.7907
  ssim: 0.0129
  iou: 0.1297

After resizing:
Target shape: (28, 28)
Saliency map shape: (28, 28)
Attention map shape: (28, 28)

Normalized maps statistics:
Saliency - min: 0.00000, max: 1.00000, mean: 0.07594, std: 0.07019
Attention - min: 0.00000, max: 1.00000, mean: 0.48007, std: 0.17749

Metrics for layer 8:
  pearson_correlation: -0.0424
  kl_divergence: -83.8589
  ssim: 0.0209
  iou: 0.1264
Layer 8 metrics:
  pearson_correlation: -0.0424
  kl_divergence: -83.8589
  ssim: 0.0209
  iou: 0.1264

After resizing:
Target shape: (28, 28)
Saliency map shape: (28, 28)
Attention map shape: (28, 28)

Normalized maps statistics:
Saliency - min: 0.00000, max: 1.00000, mean: 0.07594, std: 0.07019
Attention - min: 0.00000, max: 1.00000, mean: 0.44543, std: 0.15708

Metrics for layer 9:
  pearson_correlation: -0.0108
  kl_divergence: -81.5606
  ssim: 0.0438
  iou: 0.1462
Layer 9 metrics:
  pearson_correlation: -0.0108
  kl_divergence: -81.5606
  ssim: 0.0438
  iou: 0.1462

After resizing:
Target shape: (14, 14)
Saliency map shape: (14, 14)
Attention map shape: (14, 14)

Normalized maps statistics:
Saliency - min: 0.00000, max: 1.00000, mean: 0.18658, std: 0.16890
Attention - min: 0.00000, max: 1.00000, mean: 0.47769, std: 0.17611

Metrics for layer 10:
  pearson_correlation: 0.0357
  kl_divergence: -18.1556
  ssim: 0.0635
  iou: 0.1951
Layer 10 metrics:
  pearson_correlation: 0.0357
  kl_divergence: -18.1556
  ssim: 0.0635
  iou: 0.1951

After resizing:
Target shape: (14, 14)
Saliency map shape: (14, 14)
Attention map shape: (14, 14)

Normalized maps statistics:
Saliency - min: 0.00000, max: 1.00000, mean: 0.18658, std: 0.16890
Attention - min: 0.00000, max: 1.00000, mean: 0.48527, std: 0.18647

Metrics for layer 11:
  pearson_correlation: -0.0055
  kl_divergence: -3.6109
  ssim: 0.0479
  iou: 0.1529
Layer 11 metrics:
  pearson_correlation: -0.0055
  kl_divergence: -3.6109
  ssim: 0.0479
  iou: 0.1529

After resizing:
Target shape: (14, 14)
Saliency map shape: (14, 14)
Attention map shape: (14, 14)

Normalized maps statistics:
Saliency - min: 0.00000, max: 1.00000, mean: 0.18658, std: 0.16890
Attention - min: 0.00000, max: 1.00000, mean: 0.51877, std: 0.19304

Metrics for layer 12:
  pearson_correlation: 0.1249
  kl_divergence: -14.5980
  ssim: 0.2292
  iou: 0.1951
Layer 12 metrics:
  pearson_correlation: 0.1249
  kl_divergence: -14.5980
  ssim: 0.2292
  iou: 0.1951
Analyzing attention effects...
Computing baseline responses...
Computing responses with attention...

Creating feed dict:

Creating feed dict:
Successfully analyzed attention effects
Generating visualizations...
Saliency (final) stats at visualization: min=0.00000, max=1.00000, mean=0.03700, std=0.03738
Saved visualization for image 0
Saved batch results to /scratch/hy2611/CNN_attention/Data/VGG16/attention_results_cat5_layer2/batch_1_strength_0.0_results.npy

Processing attention strength 0.4
Attention vector: [0.  0.  0.4 0.  0.  0.  0.  0.  0.  0.  0.  0.  0. ]

Processing batch 1/2
Attention strength: 0.4
Generating tuning curve attention maps...
Successfully generated 13 attention maps
Computing saliency maps...
Saliency statistics: min=0.00000, max=1.00000, mean=0.06079, std=0.06400
Saliency map shape: (1, 224, 224)
Non-zero elements: 50175
Value range: 0.0 - 1.0
Saliency map shape: (1, 224, 224)
Non-zero elements: 50175
Value range: 0.0 - 1.0

=== Debug Shapes After saliency computation ===
Saliency map shape: (1, 224, 224)
Attention map 0 shape: (1, 224, 224, 64)
Attention map 1 shape: (1, 224, 224, 64)
Attention map 2 shape: (1, 112, 112, 128)
Attention map 3 shape: (1, 112, 112, 128)
Attention map 4 shape: (1, 56, 56, 256)
Attention map 5 shape: (1, 56, 56, 256)
Attention map 6 shape: (1, 56, 56, 256)
Attention map 7 shape: (1, 28, 28, 512)
Attention map 8 shape: (1, 28, 28, 512)
Attention map 9 shape: (1, 28, 28, 512)
Attention map 10 shape: (1, 14, 14, 512)
Attention map 11 shape: (1, 14, 14, 512)
Attention map 12 shape: (1, 14, 14, 512)
Successfully generated saliency maps
Comparing saliency and attention maps...

After resizing:
Target shape: (224, 224)
Saliency map shape: (224, 224)
Attention map shape: (224, 224)

Normalized maps statistics:
Saliency - min: 0.00000, max: 1.00000, mean: 0.06079, std: 0.06400
Attention - min: 0.00000, max: 1.00000, mean: 0.45473, std: 0.12610

Metrics for layer 0:
  pearson_correlation: -0.0044
  kl_divergence: -4775.2979
  ssim: 0.0431
  iou: 0.1435
Layer 0 metrics:
  pearson_correlation: -0.0044
  kl_divergence: -4775.2979
  ssim: 0.0431
  iou: 0.1435

After resizing:
Target shape: (224, 224)
Saliency map shape: (224, 224)
Attention map shape: (224, 224)

Normalized maps statistics:
Saliency - min: 0.00000, max: 1.00000, mean: 0.06079, std: 0.06400
Attention - min: 0.00000, max: 1.00000, mean: 0.45377, std: 0.11953

Metrics for layer 1:
  pearson_correlation: -0.0050
  kl_divergence: -4782.5103
  ssim: 0.0461
  iou: 0.1421
Layer 1 metrics:
  pearson_correlation: -0.0050
  kl_divergence: -4782.5103
  ssim: 0.0461
  iou: 0.1421

After resizing:
Target shape: (112, 112)
Saliency map shape: (112, 112)
Attention map shape: (112, 112)

Normalized maps statistics:
Saliency - min: 0.00000, max: 1.00000, mean: 0.07963, std: 0.07093
Attention - min: 0.00000, max: 1.00000, mean: 0.47425, std: 0.12761

Metrics for layer 2:
  pearson_correlation: -0.0015
  kl_divergence: -1431.3462
  ssim: 0.0546
  iou: 0.1487
Layer 2 metrics:
  pearson_correlation: -0.0015
  kl_divergence: -1431.3462
  ssim: 0.0546
  iou: 0.1487

After resizing:
Target shape: (112, 112)
Saliency map shape: (112, 112)
Attention map shape: (112, 112)

Normalized maps statistics:
Saliency - min: 0.00000, max: 1.00000, mean: 0.07963, std: 0.07093
Attention - min: 0.00000, max: 1.00000, mean: 0.46089, std: 0.11026

Metrics for layer 3:
  pearson_correlation: -0.0225
  kl_divergence: -1409.2209
  ssim: 0.0628
  iou: 0.1334
Layer 3 metrics:
  pearson_correlation: -0.0225
  kl_divergence: -1409.2209
  ssim: 0.0628
  iou: 0.1334

After resizing:
Target shape: (56, 56)
Saliency map shape: (56, 56)
Attention map shape: (56, 56)

Normalized maps statistics:
Saliency - min: 0.00000, max: 1.00000, mean: 0.11024, std: 0.10024
Attention - min: 0.00000, max: 1.00000, mean: 0.44792, std: 0.13616

Metrics for layer 4:
  pearson_correlation: 0.0038
  kl_divergence: -348.9477
  ssim: 0.0662
  iou: 0.1395
Layer 4 metrics:
  pearson_correlation: 0.0038
  kl_divergence: -348.9477
  ssim: 0.0662
  iou: 0.1395

After resizing:
Target shape: (56, 56)
Saliency map shape: (56, 56)
Attention map shape: (56, 56)

Normalized maps statistics:
Saliency - min: 0.00000, max: 1.00000, mean: 0.11024, std: 0.10024
Attention - min: 0.00000, max: 1.00000, mean: 0.46238, std: 0.14265

Metrics for layer 5:
  pearson_correlation: 0.0006
  kl_divergence: -359.7770
  ssim: 0.0619
  iou: 0.1387
Layer 5 metrics:
  pearson_correlation: 0.0006
  kl_divergence: -359.7770
  ssim: 0.0619
  iou: 0.1387

After resizing:
Target shape: (56, 56)
Saliency map shape: (56, 56)
Attention map shape: (56, 56)

Normalized maps statistics:
Saliency - min: 0.00000, max: 1.00000, mean: 0.11024, std: 0.10024
Attention - min: 0.00000, max: 1.00000, mean: 0.51288, std: 0.12940

Metrics for layer 6:
  pearson_correlation: 0.0097
  kl_divergence: -405.1793
  ssim: 0.0666
  iou: 0.1572
Layer 6 metrics:
  pearson_correlation: 0.0097
  kl_divergence: -405.1793
  ssim: 0.0666
  iou: 0.1572

After resizing:
Target shape: (28, 28)
Saliency map shape: (28, 28)
Attention map shape: (28, 28)

Normalized maps statistics:
Saliency - min: 0.00000, max: 1.00000, mean: 0.12111, std: 0.11528
Attention - min: 0.00000, max: 1.00000, mean: 0.54142, std: 0.14842

Metrics for layer 7:
  pearson_correlation: -0.0366
  kl_divergence: -104.1392
  ssim: 0.0364
  iou: 0.1168
Layer 7 metrics:
  pearson_correlation: -0.0366
  kl_divergence: -104.1392
  ssim: 0.0364
  iou: 0.1168

After resizing:
Target shape: (28, 28)
Saliency map shape: (28, 28)
Attention map shape: (28, 28)

Normalized maps statistics:
Saliency - min: 0.00000, max: 1.00000, mean: 0.12111, std: 0.11528
Attention - min: 0.00000, max: 1.00000, mean: 0.51477, std: 0.14420

Metrics for layer 8:
  pearson_correlation: 0.0158
  kl_divergence: -95.1350
  ssim: 0.0561
  iou: 0.1329
Layer 8 metrics:
  pearson_correlation: 0.0158
  kl_divergence: -95.1350
  ssim: 0.0561
  iou: 0.1329

After resizing:
Target shape: (28, 28)
Saliency map shape: (28, 28)
Attention map shape: (28, 28)

Normalized maps statistics:
Saliency - min: 0.00000, max: 1.00000, mean: 0.12111, std: 0.11528
Attention - min: 0.00000, max: 1.00000, mean: 0.41032, std: 0.14952

Metrics for layer 9:
  pearson_correlation: -0.0246
  kl_divergence: -72.4459
  ssim: 0.0711
  iou: 0.1136
Layer 9 metrics:
  pearson_correlation: -0.0246
  kl_divergence: -72.4459
  ssim: 0.0711
  iou: 0.1136

After resizing:
Target shape: (14, 14)
Saliency map shape: (14, 14)
Attention map shape: (14, 14)

Normalized maps statistics:
Saliency - min: 0.00000, max: 1.00000, mean: 0.16107, std: 0.13879
Attention - min: 0.00000, max: 1.00000, mean: 0.48575, std: 0.20743

Metrics for layer 10:
  pearson_correlation: 0.1005
  kl_divergence: -22.5108
  ssim: 0.0386
  iou: 0.1264
Layer 10 metrics:
  pearson_correlation: 0.1005
  kl_divergence: -22.5108
  ssim: 0.0386
  iou: 0.1264

After resizing:
Target shape: (14, 14)
Saliency map shape: (14, 14)
Attention map shape: (14, 14)

Normalized maps statistics:
Saliency - min: 0.00000, max: 1.00000, mean: 0.16107, std: 0.13879
Attention - min: 0.00000, max: 1.00000, mean: 0.47304, std: 0.23867

Metrics for layer 11:
  pearson_correlation: 0.0490
  kl_divergence: -17.5432
  ssim: 0.0924
  iou: 0.1395
Layer 11 metrics:
  pearson_correlation: 0.0490
  kl_divergence: -17.5432
  ssim: 0.0924
  iou: 0.1395

After resizing:
Target shape: (14, 14)
Saliency map shape: (14, 14)
Attention map shape: (14, 14)

Normalized maps statistics:
Saliency - min: 0.00000, max: 1.00000, mean: 0.16107, std: 0.13879
Attention - min: 0.00000, max: 1.00000, mean: 0.54743, std: 0.19299

Metrics for layer 12:
  pearson_correlation: -0.0430
  kl_divergence: -24.9286
  ssim: 0.0955
  iou: 0.1529
Layer 12 metrics:
  pearson_correlation: -0.0430
  kl_divergence: -24.9286
  ssim: 0.0955
  iou: 0.1529
Analyzing attention effects...
Computing baseline responses...
Computing responses with attention...

Creating feed dict:

Creating feed dict:
Successfully analyzed attention effects
Generating visualizations...
Saliency (final) stats at visualization: min=0.00000, max=1.00000, mean=0.06079, std=0.06400
Saved visualization for image 0
Saved batch results to /scratch/hy2611/CNN_attention/Data/VGG16/attention_results_cat5_layer2/batch_0_strength_0.4_results.npy

Processing batch 2/2
Attention strength: 0.4
Generating tuning curve attention maps...
Successfully generated 13 attention maps
Computing saliency maps...
Saliency statistics: min=0.00000, max=1.00000, mean=0.03700, std=0.03738
Saliency map shape: (1, 224, 224)
Non-zero elements: 50175
Value range: 0.0 - 1.0
Saliency map shape: (1, 224, 224)
Non-zero elements: 50175
Value range: 0.0 - 1.0

=== Debug Shapes After saliency computation ===
Saliency map shape: (1, 224, 224)
Attention map 0 shape: (1, 224, 224, 64)
Attention map 1 shape: (1, 224, 224, 64)
Attention map 2 shape: (1, 112, 112, 128)
Attention map 3 shape: (1, 112, 112, 128)
Attention map 4 shape: (1, 56, 56, 256)
Attention map 5 shape: (1, 56, 56, 256)
Attention map 6 shape: (1, 56, 56, 256)
Attention map 7 shape: (1, 28, 28, 512)
Attention map 8 shape: (1, 28, 28, 512)
Attention map 9 shape: (1, 28, 28, 512)
Attention map 10 shape: (1, 14, 14, 512)
Attention map 11 shape: (1, 14, 14, 512)
Attention map 12 shape: (1, 14, 14, 512)
Successfully generated saliency maps
Comparing saliency and attention maps...

After resizing:
Target shape: (224, 224)
Saliency map shape: (224, 224)
Attention map shape: (224, 224)

Normalized maps statistics:
Saliency - min: 0.00000, max: 1.00000, mean: 0.03700, std: 0.03738
Attention - min: 0.00000, max: 1.00000, mean: 0.43967, std: 0.12671

Metrics for layer 0:
  pearson_correlation: 0.0001
  kl_divergence: -3828.8416
  ssim: 0.0303
  iou: 0.1415
Layer 0 metrics:
  pearson_correlation: 0.0001
  kl_divergence: -3828.8416
  ssim: 0.0303
  iou: 0.1415

After resizing:
Target shape: (224, 224)
Saliency map shape: (224, 224)
Attention map shape: (224, 224)

Normalized maps statistics:
Saliency - min: 0.00000, max: 1.00000, mean: 0.03700, std: 0.03738
Attention - min: 0.00000, max: 1.00000, mean: 0.46034, std: 0.12786

Metrics for layer 1:
  pearson_correlation: 0.0051
  kl_divergence: -3925.4802
  ssim: 0.0285
  iou: 0.1439
Layer 1 metrics:
  pearson_correlation: 0.0051
  kl_divergence: -3925.4802
  ssim: 0.0285
  iou: 0.1439

After resizing:
Target shape: (112, 112)
Saliency map shape: (112, 112)
Attention map shape: (112, 112)

Normalized maps statistics:
Saliency - min: 0.00000, max: 1.00000, mean: 0.07117, std: 0.06162
Attention - min: 0.00000, max: 1.00000, mean: 0.49450, std: 0.12473

Metrics for layer 2:
  pearson_correlation: -0.0150
  kl_divergence: -1440.5804
  ssim: 0.0468
  iou: 0.1406
Layer 2 metrics:
  pearson_correlation: -0.0150
  kl_divergence: -1440.5804
  ssim: 0.0468
  iou: 0.1406

After resizing:
Target shape: (112, 112)
Saliency map shape: (112, 112)
Attention map shape: (112, 112)

Normalized maps statistics:
Saliency - min: 0.00000, max: 1.00000, mean: 0.07117, std: 0.06162
Attention - min: 0.00000, max: 1.00000, mean: 0.42631, std: 0.11904

Metrics for layer 3:
  pearson_correlation: 0.0000
  kl_divergence: -1305.7454
  ssim: 0.0591
  iou: 0.1364
Layer 3 metrics:
  pearson_correlation: 0.0000
  kl_divergence: -1305.7454
  ssim: 0.0591
  iou: 0.1364

After resizing:
Target shape: (56, 56)
Saliency map shape: (56, 56)
Attention map shape: (56, 56)

Normalized maps statistics:
Saliency - min: 0.00000, max: 1.00000, mean: 0.11423, std: 0.10009
Attention - min: 0.00000, max: 1.00000, mean: 0.39882, std: 0.13207

Metrics for layer 4:
  pearson_correlation: 0.0035
  kl_divergence: -312.5421
  ssim: 0.0693
  iou: 0.1546
Layer 4 metrics:
  pearson_correlation: 0.0035
  kl_divergence: -312.5421
  ssim: 0.0693
  iou: 0.1546

After resizing:
Target shape: (56, 56)
Saliency map shape: (56, 56)
Attention map shape: (56, 56)

Normalized maps statistics:
Saliency - min: 0.00000, max: 1.00000, mean: 0.11423, std: 0.10009
Attention - min: 0.00000, max: 1.00000, mean: 0.46356, std: 0.14875

Metrics for layer 5:
  pearson_correlation: -0.0196
  kl_divergence: -368.4181
  ssim: 0.0427
  iou: 0.1563
Layer 5 metrics:
  pearson_correlation: -0.0196
  kl_divergence: -368.4181
  ssim: 0.0427
  iou: 0.1563

After resizing:
Target shape: (56, 56)
Saliency map shape: (56, 56)
Attention map shape: (56, 56)

Normalized maps statistics:
Saliency - min: 0.00000, max: 1.00000, mean: 0.11423, std: 0.10009
Attention - min: 0.00000, max: 1.00000, mean: 0.47323, std: 0.14718

Metrics for layer 6:
  pearson_correlation: 0.0223
  kl_divergence: -383.2991
  ssim: 0.0582
  iou: 0.1479
Layer 6 metrics:
  pearson_correlation: 0.0223
  kl_divergence: -383.2991
  ssim: 0.0582
  iou: 0.1479

After resizing:
Target shape: (28, 28)
Saliency map shape: (28, 28)
Attention map shape: (28, 28)

Normalized maps statistics:
Saliency - min: 0.00000, max: 1.00000, mean: 0.07594, std: 0.07019
Attention - min: 0.00000, max: 1.00000, mean: 0.41388, std: 0.15292

Metrics for layer 7:
  pearson_correlation: 0.0553
  kl_divergence: -77.6475
  ssim: 0.0610
  iou: 0.1598
Layer 7 metrics:
  pearson_correlation: 0.0553
  kl_divergence: -77.6475
  ssim: 0.0610
  iou: 0.1598

After resizing:
Target shape: (28, 28)
Saliency map shape: (28, 28)
Attention map shape: (28, 28)

Normalized maps statistics:
Saliency - min: 0.00000, max: 1.00000, mean: 0.07594, std: 0.07019
Attention - min: 0.00000, max: 1.00000, mean: 0.50502, std: 0.14211

Metrics for layer 8:
  pearson_correlation: -0.0286
  kl_divergence: -90.8462
  ssim: 0.0306
  iou: 0.1462
Layer 8 metrics:
  pearson_correlation: -0.0286
  kl_divergence: -90.8462
  ssim: 0.0306
  iou: 0.1462

After resizing:
Target shape: (28, 28)
Saliency map shape: (28, 28)
Attention map shape: (28, 28)

Normalized maps statistics:
Saliency - min: 0.00000, max: 1.00000, mean: 0.07594, std: 0.07019
Attention - min: 0.00000, max: 1.00000, mean: 0.51996, std: 0.16068

Metrics for layer 9:
  pearson_correlation: 0.0185
  kl_divergence: -87.1879
  ssim: 0.0458
  iou: 0.1362
Layer 9 metrics:
  pearson_correlation: 0.0185
  kl_divergence: -87.1879
  ssim: 0.0458
  iou: 0.1362

After resizing:
Target shape: (14, 14)
Saliency map shape: (14, 14)
Attention map shape: (14, 14)

Normalized maps statistics:
Saliency - min: 0.00000, max: 1.00000, mean: 0.18658, std: 0.16890
Attention - min: 0.00000, max: 1.00000, mean: 0.52962, std: 0.20460

Metrics for layer 10:
  pearson_correlation: -0.0163
  kl_divergence: -11.8444
  ssim: 0.0116
  iou: 0.1395
Layer 10 metrics:
  pearson_correlation: -0.0163
  kl_divergence: -11.8444
  ssim: 0.0116
  iou: 0.1395

After resizing:
Target shape: (14, 14)
Saliency map shape: (14, 14)
Attention map shape: (14, 14)

Normalized maps statistics:
Saliency - min: 0.00000, max: 1.00000, mean: 0.18658, std: 0.16890
Attention - min: 0.00000, max: 1.00000, mean: 0.43995, std: 0.15800

Metrics for layer 11:
  pearson_correlation: 0.1223
  kl_divergence: -15.1506
  ssim: 0.0501
  iou: 0.2895
Layer 11 metrics:
  pearson_correlation: 0.1223
  kl_divergence: -15.1506
  ssim: 0.0501
  iou: 0.2895

After resizing:
Target shape: (14, 14)
Saliency map shape: (14, 14)
Attention map shape: (14, 14)

Normalized maps statistics:
Saliency - min: 0.00000, max: 1.00000, mean: 0.18658, std: 0.16890
Attention - min: 0.00000, max: 1.00000, mean: 0.48336, std: 0.20598

Metrics for layer 12:
  pearson_correlation: -0.1141
  kl_divergence: -10.3803
  ssim: -0.1025
  iou: 0.1136
Layer 12 metrics:
  pearson_correlation: -0.1141
  kl_divergence: -10.3803
  ssim: -0.1025
  iou: 0.1136
Analyzing attention effects...
Computing baseline responses...
Computing responses with attention...

Creating feed dict:

Creating feed dict:
Successfully analyzed attention effects
Generating visualizations...
Saliency (final) stats at visualization: min=0.00000, max=1.00000, mean=0.03700, std=0.03738
Saved visualization for image 0
Saved batch results to /scratch/hy2611/CNN_attention/Data/VGG16/attention_results_cat5_layer2/batch_1_strength_0.4_results.npy

Processing attention strength 0.8
Attention vector: [0.  0.  0.8 0.  0.  0.  0.  0.  0.  0.  0.  0.  0. ]

Processing batch 1/2
Attention strength: 0.8
Generating tuning curve attention maps...
Successfully generated 13 attention maps
Computing saliency maps...
Saliency statistics: min=0.00000, max=1.00000, mean=0.06079, std=0.06400
Saliency map shape: (1, 224, 224)
Non-zero elements: 50175
Value range: 0.0 - 1.0
Saliency map shape: (1, 224, 224)
Non-zero elements: 50175
Value range: 0.0 - 1.0

=== Debug Shapes After saliency computation ===
Saliency map shape: (1, 224, 224)
Attention map 0 shape: (1, 224, 224, 64)
Attention map 1 shape: (1, 224, 224, 64)
Attention map 2 shape: (1, 112, 112, 128)
Attention map 3 shape: (1, 112, 112, 128)
Attention map 4 shape: (1, 56, 56, 256)
Attention map 5 shape: (1, 56, 56, 256)
Attention map 6 shape: (1, 56, 56, 256)
Attention map 7 shape: (1, 28, 28, 512)
Attention map 8 shape: (1, 28, 28, 512)
Attention map 9 shape: (1, 28, 28, 512)
Attention map 10 shape: (1, 14, 14, 512)
Attention map 11 shape: (1, 14, 14, 512)
Attention map 12 shape: (1, 14, 14, 512)
Successfully generated saliency maps
Comparing saliency and attention maps...

After resizing:
Target shape: (224, 224)
Saliency map shape: (224, 224)
Attention map shape: (224, 224)

Normalized maps statistics:
Saliency - min: 0.00000, max: 1.00000, mean: 0.06079, std: 0.06400
Attention - min: 0.00000, max: 1.00000, mean: 0.43341, std: 0.11417

Metrics for layer 0:
  pearson_correlation: -0.0132
  kl_divergence: -4635.7397
  ssim: 0.0501
  iou: 0.1417
Layer 0 metrics:
  pearson_correlation: -0.0132
  kl_divergence: -4635.7397
  ssim: 0.0501
  iou: 0.1417

After resizing:
Target shape: (224, 224)
Saliency map shape: (224, 224)
Attention map shape: (224, 224)

Normalized maps statistics:
Saliency - min: 0.00000, max: 1.00000, mean: 0.06079, std: 0.06400
Attention - min: 0.00000, max: 1.00000, mean: 0.42037, std: 0.11305

Metrics for layer 1:
  pearson_correlation: -0.0003
  kl_divergence: -4541.7090
  ssim: 0.0534
  iou: 0.1449
Layer 1 metrics:
  pearson_correlation: -0.0003
  kl_divergence: -4541.7090
  ssim: 0.0534
  iou: 0.1449

After resizing:
Target shape: (112, 112)
Saliency map shape: (112, 112)
Attention map shape: (112, 112)

Normalized maps statistics:
Saliency - min: 0.00000, max: 1.00000, mean: 0.07963, std: 0.07093
Attention - min: 0.00000, max: 1.00000, mean: 0.49759, std: 0.12985

Metrics for layer 2:
  pearson_correlation: 0.0087
  kl_divergence: -1485.5208
  ssim: 0.0557
  iou: 0.1437
Layer 2 metrics:
  pearson_correlation: 0.0087
  kl_divergence: -1485.5208
  ssim: 0.0557
  iou: 0.1437

After resizing:
Target shape: (112, 112)
Saliency map shape: (112, 112)
Attention map shape: (112, 112)

Normalized maps statistics:
Saliency - min: 0.00000, max: 1.00000, mean: 0.07963, std: 0.07093
Attention - min: 0.00000, max: 1.00000, mean: 0.49361, std: 0.12530

Metrics for layer 3:
  pearson_correlation: 0.0079
  kl_divergence: -1479.2108
  ssim: 0.0524
  iou: 0.1468
Layer 3 metrics:
  pearson_correlation: 0.0079
  kl_divergence: -1479.2108
  ssim: 0.0524
  iou: 0.1468

After resizing:
Target shape: (56, 56)
Saliency map shape: (56, 56)
Attention map shape: (56, 56)

Normalized maps statistics:
Saliency - min: 0.00000, max: 1.00000, mean: 0.11024, std: 0.10024
Attention - min: 0.00000, max: 1.00000, mean: 0.50834, std: 0.14531

Metrics for layer 4:
  pearson_correlation: -0.0016
  kl_divergence: -398.5020
  ssim: 0.0513
  iou: 0.1289
Layer 4 metrics:
  pearson_correlation: -0.0016
  kl_divergence: -398.5020
  ssim: 0.0513
  iou: 0.1289

After resizing:
Target shape: (56, 56)
Saliency map shape: (56, 56)
Attention map shape: (56, 56)

Normalized maps statistics:
Saliency - min: 0.00000, max: 1.00000, mean: 0.11024, std: 0.10024
Attention - min: 0.00000, max: 1.00000, mean: 0.46627, std: 0.14449

Metrics for layer 5:
  pearson_correlation: -0.0119
  kl_divergence: -361.7308
  ssim: 0.0539
  iou: 0.1354
Layer 5 metrics:
  pearson_correlation: -0.0119
  kl_divergence: -361.7308
  ssim: 0.0539
  iou: 0.1354

After resizing:
Target shape: (56, 56)
Saliency map shape: (56, 56)
Attention map shape: (56, 56)

Normalized maps statistics:
Saliency - min: 0.00000, max: 1.00000, mean: 0.11024, std: 0.10024
Attention - min: 0.00000, max: 1.00000, mean: 0.47282, std: 0.14823

Metrics for layer 6:
  pearson_correlation: 0.0359
  kl_divergence: -371.8611
  ssim: 0.0655
  iou: 0.1454
Layer 6 metrics:
  pearson_correlation: 0.0359
  kl_divergence: -371.8611
  ssim: 0.0655
  iou: 0.1454

After resizing:
Target shape: (28, 28)
Saliency map shape: (28, 28)
Attention map shape: (28, 28)

Normalized maps statistics:
Saliency - min: 0.00000, max: 1.00000, mean: 0.12111, std: 0.11528
Attention - min: 0.00000, max: 1.00000, mean: 0.43662, std: 0.14886

Metrics for layer 7:
  pearson_correlation: -0.0763
  kl_divergence: -79.2880
  ssim: 0.0292
  iou: 0.1232
Layer 7 metrics:
  pearson_correlation: -0.0763
  kl_divergence: -79.2880
  ssim: 0.0292
  iou: 0.1232

After resizing:
Target shape: (28, 28)
Saliency map shape: (28, 28)
Attention map shape: (28, 28)

Normalized maps statistics:
Saliency - min: 0.00000, max: 1.00000, mean: 0.12111, std: 0.11528
Attention - min: 0.00000, max: 1.00000, mean: 0.50968, std: 0.15908

Metrics for layer 8:
  pearson_correlation: 0.0020
  kl_divergence: -96.4228
  ssim: 0.0513
  iou: 0.1105
Layer 8 metrics:
  pearson_correlation: 0.0020
  kl_divergence: -96.4228
  ssim: 0.0513
  iou: 0.1105

After resizing:
Target shape: (28, 28)
Saliency map shape: (28, 28)
Attention map shape: (28, 28)

Normalized maps statistics:
Saliency - min: 0.00000, max: 1.00000, mean: 0.12111, std: 0.11528
Attention - min: 0.00000, max: 1.00000, mean: 0.43208, std: 0.16037

Metrics for layer 9:
  pearson_correlation: -0.0142
  kl_divergence: -76.3307
  ssim: 0.0764
  iou: 0.1264
Layer 9 metrics:
  pearson_correlation: -0.0142
  kl_divergence: -76.3307
  ssim: 0.0764
  iou: 0.1264

After resizing:
Target shape: (14, 14)
Saliency map shape: (14, 14)
Attention map shape: (14, 14)

Normalized maps statistics:
Saliency - min: 0.00000, max: 1.00000, mean: 0.16107, std: 0.13879
Attention - min: 0.00000, max: 1.00000, mean: 0.48965, std: 0.17782

Metrics for layer 10:
  pearson_correlation: -0.0417
  kl_divergence: -21.5485
  ssim: 0.0603
  iou: 0.1264
Layer 10 metrics:
  pearson_correlation: -0.0417
  kl_divergence: -21.5485
  ssim: 0.0603
  iou: 0.1264

After resizing:
Target shape: (14, 14)
Saliency map shape: (14, 14)
Attention map shape: (14, 14)

Normalized maps statistics:
Saliency - min: 0.00000, max: 1.00000, mean: 0.16107, std: 0.13879
Attention - min: 0.00000, max: 1.00000, mean: 0.40311, std: 0.17338

Metrics for layer 11:
  pearson_correlation: 0.0083
  kl_divergence: -14.8744
  ssim: 0.0724
  iou: 0.2099
Layer 11 metrics:
  pearson_correlation: 0.0083
  kl_divergence: -14.8744
  ssim: 0.0724
  iou: 0.2099

After resizing:
Target shape: (14, 14)
Saliency map shape: (14, 14)
Attention map shape: (14, 14)

Normalized maps statistics:
Saliency - min: 0.00000, max: 1.00000, mean: 0.16107, std: 0.13879
Attention - min: 0.00000, max: 1.00000, mean: 0.47391, std: 0.15470

Metrics for layer 12:
  pearson_correlation: 0.0553
  kl_divergence: -18.1442
  ssim: 0.0976
  iou: 0.1807
Layer 12 metrics:
  pearson_correlation: 0.0553
  kl_divergence: -18.1442
  ssim: 0.0976
  iou: 0.1807
Analyzing attention effects...
Computing baseline responses...
Computing responses with attention...

Creating feed dict:

Creating feed dict:
Successfully analyzed attention effects
Generating visualizations...
Saliency (final) stats at visualization: min=0.00000, max=1.00000, mean=0.06079, std=0.06400
Saved visualization for image 0
Saved batch results to /scratch/hy2611/CNN_attention/Data/VGG16/attention_results_cat5_layer2/batch_0_strength_0.8_results.npy

Processing batch 2/2
Attention strength: 0.8
Generating tuning curve attention maps...
Successfully generated 13 attention maps
Computing saliency maps...
Saliency statistics: min=0.00000, max=1.00000, mean=0.03700, std=0.03738
Saliency map shape: (1, 224, 224)
Non-zero elements: 50175
Value range: 0.0 - 1.0
Saliency map shape: (1, 224, 224)
Non-zero elements: 50175
Value range: 0.0 - 1.0

=== Debug Shapes After saliency computation ===
Saliency map shape: (1, 224, 224)
Attention map 0 shape: (1, 224, 224, 64)
Attention map 1 shape: (1, 224, 224, 64)
Attention map 2 shape: (1, 112, 112, 128)
Attention map 3 shape: (1, 112, 112, 128)
Attention map 4 shape: (1, 56, 56, 256)
Attention map 5 shape: (1, 56, 56, 256)
Attention map 6 shape: (1, 56, 56, 256)
Attention map 7 shape: (1, 28, 28, 512)
Attention map 8 shape: (1, 28, 28, 512)
Attention map 9 shape: (1, 28, 28, 512)
Attention map 10 shape: (1, 14, 14, 512)
Attention map 11 shape: (1, 14, 14, 512)
Attention map 12 shape: (1, 14, 14, 512)
Successfully generated saliency maps
Comparing saliency and attention maps...

After resizing:
Target shape: (224, 224)
Saliency map shape: (224, 224)
Attention map shape: (224, 224)

Normalized maps statistics:
Saliency - min: 0.00000, max: 1.00000, mean: 0.03700, std: 0.03738
Attention - min: 0.00000, max: 1.00000, mean: 0.44039, std: 0.11510

Metrics for layer 0:
  pearson_correlation: 0.0071
  kl_divergence: -3854.1523
  ssim: 0.0354
  iou: 0.1415
Layer 0 metrics:
  pearson_correlation: 0.0071
  kl_divergence: -3854.1523
  ssim: 0.0354
  iou: 0.1415

After resizing:
Target shape: (224, 224)
Saliency map shape: (224, 224)
Attention map shape: (224, 224)

Normalized maps statistics:
Saliency - min: 0.00000, max: 1.00000, mean: 0.03700, std: 0.03738
Attention - min: 0.00000, max: 1.00000, mean: 0.43091, std: 0.11854

Metrics for layer 1:
  pearson_correlation: -0.0001
  kl_divergence: -3801.7690
  ssim: 0.0335
  iou: 0.1445
Layer 1 metrics:
  pearson_correlation: -0.0001
  kl_divergence: -3801.7690
  ssim: 0.0335
  iou: 0.1445

After resizing:
Target shape: (112, 112)
Saliency map shape: (112, 112)
Attention map shape: (112, 112)

Normalized maps statistics:
Saliency - min: 0.00000, max: 1.00000, mean: 0.07117, std: 0.06162
Attention - min: 0.00000, max: 1.00000, mean: 0.46213, std: 0.12152

Metrics for layer 2:
  pearson_correlation: 0.0104
  kl_divergence: -1381.9536
  ssim: 0.0545
  iou: 0.1435
Layer 2 metrics:
  pearson_correlation: 0.0104
  kl_divergence: -1381.9536
  ssim: 0.0545
  iou: 0.1435

After resizing:
Target shape: (112, 112)
Saliency map shape: (112, 112)
Attention map shape: (112, 112)

Normalized maps statistics:
Saliency - min: 0.00000, max: 1.00000, mean: 0.07117, std: 0.06162
Attention - min: 0.00000, max: 1.00000, mean: 0.44633, std: 0.12852

Metrics for layer 3:
  pearson_correlation: -0.0089
  kl_divergence: -1340.4858
  ssim: 0.0500
  iou: 0.1412
Layer 3 metrics:
  pearson_correlation: -0.0089
  kl_divergence: -1340.4858
  ssim: 0.0500
  iou: 0.1412

After resizing:
Target shape: (56, 56)
Saliency map shape: (56, 56)
Attention map shape: (56, 56)

Normalized maps statistics:
Saliency - min: 0.00000, max: 1.00000, mean: 0.11423, std: 0.10009
Attention - min: 0.00000, max: 1.00000, mean: 0.48308, std: 0.14721

Metrics for layer 4:
  pearson_correlation: 0.0013
  kl_divergence: -388.8607
  ssim: 0.0611
  iou: 0.1321
Layer 4 metrics:
  pearson_correlation: 0.0013
  kl_divergence: -388.8607
  ssim: 0.0611
  iou: 0.1321

After resizing:
Target shape: (56, 56)
Saliency map shape: (56, 56)
Attention map shape: (56, 56)

Normalized maps statistics:
Saliency - min: 0.00000, max: 1.00000, mean: 0.11423, std: 0.10009
Attention - min: 0.00000, max: 1.00000, mean: 0.53096, std: 0.15087

Metrics for layer 5:
  pearson_correlation: -0.0078
  kl_divergence: -422.1102
  ssim: 0.0406
  iou: 0.1354
Layer 5 metrics:
  pearson_correlation: -0.0078
  kl_divergence: -422.1102
  ssim: 0.0406
  iou: 0.1354

After resizing:
Target shape: (56, 56)
Saliency map shape: (56, 56)
Attention map shape: (56, 56)

Normalized maps statistics:
Saliency - min: 0.00000, max: 1.00000, mean: 0.11423, std: 0.10009
Attention - min: 0.00000, max: 1.00000, mean: 0.45521, std: 0.14274

Metrics for layer 6:
  pearson_correlation: 0.0180
  kl_divergence: -368.9247
  ssim: 0.0574
  iou: 0.1521
Layer 6 metrics:
  pearson_correlation: 0.0180
  kl_divergence: -368.9247
  ssim: 0.0574
  iou: 0.1521

After resizing:
Target shape: (28, 28)
Saliency map shape: (28, 28)
Attention map shape: (28, 28)

Normalized maps statistics:
Saliency - min: 0.00000, max: 1.00000, mean: 0.07594, std: 0.07019
Attention - min: 0.00000, max: 1.00000, mean: 0.44486, std: 0.17186

Metrics for layer 7:
  pearson_correlation: 0.0011
  kl_divergence: -79.5573
  ssim: 0.0368
  iou: 0.1529
Layer 7 metrics:
  pearson_correlation: 0.0011
  kl_divergence: -79.5573
  ssim: 0.0368
  iou: 0.1529

After resizing:
Target shape: (28, 28)
Saliency map shape: (28, 28)
Attention map shape: (28, 28)

Normalized maps statistics:
Saliency - min: 0.00000, max: 1.00000, mean: 0.07594, std: 0.07019
Attention - min: 0.00000, max: 1.00000, mean: 0.41897, std: 0.14809

Metrics for layer 8:
  pearson_correlation: -0.0669
  kl_divergence: -75.9076
  ssim: 0.0158
  iou: 0.1362
Layer 8 metrics:
  pearson_correlation: -0.0669
  kl_divergence: -75.9076
  ssim: 0.0158
  iou: 0.1362

After resizing:
Target shape: (28, 28)
Saliency map shape: (28, 28)
Attention map shape: (28, 28)

Normalized maps statistics:
Saliency - min: 0.00000, max: 1.00000, mean: 0.07594, std: 0.07019
Attention - min: 0.00000, max: 1.00000, mean: 0.39460, std: 0.15075

Metrics for layer 9:
  pearson_correlation: 0.0412
  kl_divergence: -74.9949
  ssim: 0.0606
  iou: 0.1667
Layer 9 metrics:
  pearson_correlation: 0.0412
  kl_divergence: -74.9949
  ssim: 0.0606
  iou: 0.1667

After resizing:
Target shape: (14, 14)
Saliency map shape: (14, 14)
Attention map shape: (14, 14)

Normalized maps statistics:
Saliency - min: 0.00000, max: 1.00000, mean: 0.18658, std: 0.16890
Attention - min: 0.00000, max: 1.00000, mean: 0.51035, std: 0.18125

Metrics for layer 10:
  pearson_correlation: -0.1020
  kl_divergence: 0.4096
  ssim: -0.1203
  iou: 0.1529
Layer 10 metrics:
  pearson_correlation: -0.1020
  kl_divergence: 0.4096
  ssim: -0.1203
  iou: 0.1529

After resizing:
Target shape: (14, 14)
Saliency map shape: (14, 14)
Attention map shape: (14, 14)

Normalized maps statistics:
Saliency - min: 0.00000, max: 1.00000, mean: 0.18658, std: 0.16890
Attention - min: 0.00000, max: 1.00000, mean: 0.48723, std: 0.19018

Metrics for layer 11:
  pearson_correlation: -0.0215
  kl_divergence: -16.4062
  ssim: 0.0435
  iou: 0.1395
Layer 11 metrics:
  pearson_correlation: -0.0215
  kl_divergence: -16.4062
  ssim: 0.0435
  iou: 0.1395

After resizing:
Target shape: (14, 14)
Saliency map shape: (14, 14)
Attention map shape: (14, 14)

Normalized maps statistics:
Saliency - min: 0.00000, max: 1.00000, mean: 0.18658, std: 0.16890
Attention - min: 0.00000, max: 1.00000, mean: 0.42092, std: 0.19077

Metrics for layer 12:
  pearson_correlation: 0.0799
  kl_divergence: -8.3290
  ssim: 0.1347
  iou: 0.1529
Layer 12 metrics:
  pearson_correlation: 0.0799
  kl_divergence: -8.3290
  ssim: 0.1347
  iou: 0.1529
Analyzing attention effects...
Computing baseline responses...
Computing responses with attention...

Creating feed dict:

Creating feed dict:
Successfully analyzed attention effects
Generating visualizations...
Saliency (final) stats at visualization: min=0.00000, max=1.00000, mean=0.03700, std=0.03738
Saved visualization for image 0
Saved batch results to /scratch/hy2611/CNN_attention/Data/VGG16/attention_results_cat5_layer2/batch_1_strength_0.8_results.npy

Processing attention strength 1.2
Attention vector: [0.  0.  1.2 0.  0.  0.  0.  0.  0.  0.  0.  0.  0. ]

Processing batch 1/2
Attention strength: 1.2
Generating tuning curve attention maps...
Successfully generated 13 attention maps
Computing saliency maps...
Saliency statistics: min=0.00000, max=1.00000, mean=0.06079, std=0.06400
Saliency map shape: (1, 224, 224)
Non-zero elements: 50175
Value range: 0.0 - 1.0
Saliency map shape: (1, 224, 224)
Non-zero elements: 50175
Value range: 0.0 - 1.0

=== Debug Shapes After saliency computation ===
Saliency map shape: (1, 224, 224)
Attention map 0 shape: (1, 224, 224, 64)
Attention map 1 shape: (1, 224, 224, 64)
Attention map 2 shape: (1, 112, 112, 128)
Attention map 3 shape: (1, 112, 112, 128)
Attention map 4 shape: (1, 56, 56, 256)
Attention map 5 shape: (1, 56, 56, 256)
Attention map 6 shape: (1, 56, 56, 256)
Attention map 7 shape: (1, 28, 28, 512)
Attention map 8 shape: (1, 28, 28, 512)
Attention map 9 shape: (1, 28, 28, 512)
Attention map 10 shape: (1, 14, 14, 512)
Attention map 11 shape: (1, 14, 14, 512)
Attention map 12 shape: (1, 14, 14, 512)
Successfully generated saliency maps
Comparing saliency and attention maps...

After resizing:
Target shape: (224, 224)
Saliency map shape: (224, 224)
Attention map shape: (224, 224)

Normalized maps statistics:
Saliency - min: 0.00000, max: 1.00000, mean: 0.06079, std: 0.06400
Attention - min: 0.00000, max: 1.00000, mean: 0.45903, std: 0.12213

Metrics for layer 0:
  pearson_correlation: -0.0026
  kl_divergence: -4814.1685
  ssim: 0.0443
  iou: 0.1436
Layer 0 metrics:
  pearson_correlation: -0.0026
  kl_divergence: -4814.1685
  ssim: 0.0443
  iou: 0.1436

After resizing:
Target shape: (224, 224)
Saliency map shape: (224, 224)
Attention map shape: (224, 224)

Normalized maps statistics:
Saliency - min: 0.00000, max: 1.00000, mean: 0.06079, std: 0.06400
Attention - min: 0.00000, max: 1.00000, mean: 0.45264, std: 0.12543

Metrics for layer 1:
  pearson_correlation: 0.0083
  kl_divergence: -4773.4507
  ssim: 0.0453
  iou: 0.1450
Layer 1 metrics:
  pearson_correlation: 0.0083
  kl_divergence: -4773.4507
  ssim: 0.0453
  iou: 0.1450

After resizing:
Target shape: (112, 112)
Saliency map shape: (112, 112)
Attention map shape: (112, 112)

Normalized maps statistics:
Saliency - min: 0.00000, max: 1.00000, mean: 0.07963, std: 0.07093
Attention - min: 0.00000, max: 1.00000, mean: 0.49450, std: 0.13821

Metrics for layer 2:
  pearson_correlation: -0.0001
  kl_divergence: -1466.1978
  ssim: 0.0471
  iou: 0.1491
Layer 2 metrics:
  pearson_correlation: -0.0001
  kl_divergence: -1466.1978
  ssim: 0.0471
  iou: 0.1491

After resizing:
Target shape: (112, 112)
Saliency map shape: (112, 112)
Attention map shape: (112, 112)

Normalized maps statistics:
Saliency - min: 0.00000, max: 1.00000, mean: 0.07963, std: 0.07093
Attention - min: 0.00000, max: 1.00000, mean: 0.48092, std: 0.12658

Metrics for layer 3:
  pearson_correlation: -0.0083
  kl_divergence: -1445.9897
  ssim: 0.0508
  iou: 0.1439
Layer 3 metrics:
  pearson_correlation: -0.0083
  kl_divergence: -1445.9897
  ssim: 0.0508
  iou: 0.1439

After resizing:
Target shape: (56, 56)
Saliency map shape: (56, 56)
Attention map shape: (56, 56)

Normalized maps statistics:
Saliency - min: 0.00000, max: 1.00000, mean: 0.11024, std: 0.10024
Attention - min: 0.00000, max: 1.00000, mean: 0.49342, std: 0.13953

Metrics for layer 4:
  pearson_correlation: 0.0102
  kl_divergence: -387.6749
  ssim: 0.0603
  iou: 0.1429
Layer 4 metrics:
  pearson_correlation: 0.0102
  kl_divergence: -387.6749
  ssim: 0.0603
  iou: 0.1429

After resizing:
Target shape: (56, 56)
Saliency map shape: (56, 56)
Attention map shape: (56, 56)

Normalized maps statistics:
Saliency - min: 0.00000, max: 1.00000, mean: 0.11024, std: 0.10024
Attention - min: 0.00000, max: 1.00000, mean: 0.43623, std: 0.13378

Metrics for layer 5:
  pearson_correlation: -0.0179
  kl_divergence: -335.1386
  ssim: 0.0617
  iou: 0.1329
Layer 5 metrics:
  pearson_correlation: -0.0179
  kl_divergence: -335.1386
  ssim: 0.0617
  iou: 0.1329

After resizing:
Target shape: (56, 56)
Saliency map shape: (56, 56)
Attention map shape: (56, 56)

Normalized maps statistics:
Saliency - min: 0.00000, max: 1.00000, mean: 0.11024, std: 0.10024
Attention - min: 0.00000, max: 1.00000, mean: 0.48019, std: 0.14592

Metrics for layer 6:
  pearson_correlation: -0.0254
  kl_divergence: -372.5916
  ssim: 0.0525
  iou: 0.1354
Layer 6 metrics:
  pearson_correlation: -0.0254
  kl_divergence: -372.5916
  ssim: 0.0525
  iou: 0.1354

After resizing:
Target shape: (28, 28)
Saliency map shape: (28, 28)
Attention map shape: (28, 28)

Normalized maps statistics:
Saliency - min: 0.00000, max: 1.00000, mean: 0.12111, std: 0.11528
Attention - min: 0.00000, max: 1.00000, mean: 0.53355, std: 0.16621

Metrics for layer 7:
  pearson_correlation: -0.0071
  kl_divergence: -101.1587
  ssim: 0.0408
  iou: 0.1462
Layer 7 metrics:
  pearson_correlation: -0.0071
  kl_divergence: -101.1587
  ssim: 0.0408
  iou: 0.1462

After resizing:
Target shape: (28, 28)
Saliency map shape: (28, 28)
Attention map shape: (28, 28)

Normalized maps statistics:
Saliency - min: 0.00000, max: 1.00000, mean: 0.12111, std: 0.11528
Attention - min: 0.00000, max: 1.00000, mean: 0.47242, std: 0.17148

Metrics for layer 8:
  pearson_correlation: -0.0299
  kl_divergence: -87.3756
  ssim: 0.0258
  iou: 0.1200
Layer 8 metrics:
  pearson_correlation: -0.0299
  kl_divergence: -87.3756
  ssim: 0.0258
  iou: 0.1200

After resizing:
Target shape: (28, 28)
Saliency map shape: (28, 28)
Attention map shape: (28, 28)

Normalized maps statistics:
Saliency - min: 0.00000, max: 1.00000, mean: 0.12111, std: 0.11528
Attention - min: 0.00000, max: 1.00000, mean: 0.51047, std: 0.16922

Metrics for layer 9:
  pearson_correlation: -0.0560
  kl_divergence: -92.8833
  ssim: 0.0127
  iou: 0.1136
Layer 9 metrics:
  pearson_correlation: -0.0560
  kl_divergence: -92.8833
  ssim: 0.0127
  iou: 0.1136

After resizing:
Target shape: (14, 14)
Saliency map shape: (14, 14)
Attention map shape: (14, 14)

Normalized maps statistics:
Saliency - min: 0.00000, max: 1.00000, mean: 0.16107, std: 0.13879
Attention - min: 0.00000, max: 1.00000, mean: 0.48179, std: 0.17168

Metrics for layer 10:
  pearson_correlation: -0.0035
  kl_divergence: -8.8389
  ssim: -0.0229
  iou: 0.0889
Layer 10 metrics:
  pearson_correlation: -0.0035
  kl_divergence: -8.8389
  ssim: -0.0229
  iou: 0.0889

After resizing:
Target shape: (14, 14)
Saliency map shape: (14, 14)
Attention map shape: (14, 14)

Normalized maps statistics:
Saliency - min: 0.00000, max: 1.00000, mean: 0.16107, std: 0.13879
Attention - min: 0.00000, max: 1.00000, mean: 0.50727, std: 0.21539

Metrics for layer 11:
  pearson_correlation: -0.0727
  kl_divergence: -14.5812
  ssim: -0.0392
  iou: 0.1529
Layer 11 metrics:
  pearson_correlation: -0.0727
  kl_divergence: -14.5812
  ssim: -0.0392
  iou: 0.1529

After resizing:
Target shape: (14, 14)
Saliency map shape: (14, 14)
Attention map shape: (14, 14)

Normalized maps statistics:
Saliency - min: 0.00000, max: 1.00000, mean: 0.16107, std: 0.13879
Attention - min: 0.00000, max: 1.00000, mean: 0.41325, std: 0.18100

Metrics for layer 12:
  pearson_correlation: -0.0012
  kl_divergence: -11.1693
  ssim: 0.0456
  iou: 0.1529
Layer 12 metrics:
  pearson_correlation: -0.0012
  kl_divergence: -11.1693
  ssim: 0.0456
  iou: 0.1529
Analyzing attention effects...
Computing baseline responses...
Computing responses with attention...

Creating feed dict:

Creating feed dict:
Successfully analyzed attention effects
Generating visualizations...
Saliency (final) stats at visualization: min=0.00000, max=1.00000, mean=0.06079, std=0.06400
Saved visualization for image 0
Saved batch results to /scratch/hy2611/CNN_attention/Data/VGG16/attention_results_cat5_layer2/batch_0_strength_1.2_results.npy

Processing batch 2/2
Attention strength: 1.2
Generating tuning curve attention maps...
Successfully generated 13 attention maps
Computing saliency maps...
Saliency statistics: min=0.00000, max=1.00000, mean=0.03700, std=0.03738
Saliency map shape: (1, 224, 224)
Non-zero elements: 50175
Value range: 0.0 - 1.0
Saliency map shape: (1, 224, 224)
Non-zero elements: 50175
Value range: 0.0 - 1.0

=== Debug Shapes After saliency computation ===
Saliency map shape: (1, 224, 224)
Attention map 0 shape: (1, 224, 224, 64)
Attention map 1 shape: (1, 224, 224, 64)
Attention map 2 shape: (1, 112, 112, 128)
Attention map 3 shape: (1, 112, 112, 128)
Attention map 4 shape: (1, 56, 56, 256)
Attention map 5 shape: (1, 56, 56, 256)
Attention map 6 shape: (1, 56, 56, 256)
Attention map 7 shape: (1, 28, 28, 512)
Attention map 8 shape: (1, 28, 28, 512)
Attention map 9 shape: (1, 28, 28, 512)
Attention map 10 shape: (1, 14, 14, 512)
Attention map 11 shape: (1, 14, 14, 512)
Attention map 12 shape: (1, 14, 14, 512)
Successfully generated saliency maps
Comparing saliency and attention maps...

After resizing:
Target shape: (224, 224)
Saliency map shape: (224, 224)
Attention map shape: (224, 224)

Normalized maps statistics:
Saliency - min: 0.00000, max: 1.00000, mean: 0.03700, std: 0.03738
Attention - min: 0.00000, max: 1.00000, mean: 0.39857, std: 0.11666

Metrics for layer 0:
  pearson_correlation: 0.0035
  kl_divergence: -3644.1555
  ssim: 0.0377
  iou: 0.1468
Layer 0 metrics:
  pearson_correlation: 0.0035
  kl_divergence: -3644.1555
  ssim: 0.0377
  iou: 0.1468

After resizing:
Target shape: (224, 224)
Saliency map shape: (224, 224)
Attention map shape: (224, 224)

Normalized maps statistics:
Saliency - min: 0.00000, max: 1.00000, mean: 0.03700, std: 0.03738
Attention - min: 0.00000, max: 1.00000, mean: 0.40815, std: 0.12067

Metrics for layer 1:
  pearson_correlation: -0.0030
  kl_divergence: -3683.8801
  ssim: 0.0348
  iou: 0.1465
Layer 1 metrics:
  pearson_correlation: -0.0030
  kl_divergence: -3683.8801
  ssim: 0.0348
  iou: 0.1465

After resizing:
Target shape: (112, 112)
Saliency map shape: (112, 112)
Attention map shape: (112, 112)

Normalized maps statistics:
Saliency - min: 0.00000, max: 1.00000, mean: 0.07117, std: 0.06162
Attention - min: 0.00000, max: 1.00000, mean: 0.51319, std: 0.13642

Metrics for layer 2:
  pearson_correlation: 0.0032
  kl_divergence: -1472.2012
  ssim: 0.0431
  iou: 0.1443
Layer 2 metrics:
  pearson_correlation: 0.0032
  kl_divergence: -1472.2012
  ssim: 0.0431
  iou: 0.1443

After resizing:
Target shape: (112, 112)
Saliency map shape: (112, 112)
Attention map shape: (112, 112)

Normalized maps statistics:
Saliency - min: 0.00000, max: 1.00000, mean: 0.07117, std: 0.06162
Attention - min: 0.00000, max: 1.00000, mean: 0.45625, std: 0.13190

Metrics for layer 3:
  pearson_correlation: 0.0005
  kl_divergence: -1362.0591
  ssim: 0.0476
  iou: 0.1523
Layer 3 metrics:
  pearson_correlation: 0.0005
  kl_divergence: -1362.0591
  ssim: 0.0476
  iou: 0.1523

After resizing:
Target shape: (56, 56)
Saliency map shape: (56, 56)
Attention map shape: (56, 56)

Normalized maps statistics:
Saliency - min: 0.00000, max: 1.00000, mean: 0.11423, std: 0.10009
Attention - min: 0.00000, max: 1.00000, mean: 0.44070, std: 0.13091

Metrics for layer 4:
  pearson_correlation: 0.0141
  kl_divergence: -360.1880
  ssim: 0.0660
  iou: 0.1521
Layer 4 metrics:
  pearson_correlation: 0.0141
  kl_divergence: -360.1880
  ssim: 0.0660
  iou: 0.1521

After resizing:
Target shape: (56, 56)
Saliency map shape: (56, 56)
Attention map shape: (56, 56)

Normalized maps statistics:
Saliency - min: 0.00000, max: 1.00000, mean: 0.11423, std: 0.10009
Attention - min: 0.00000, max: 1.00000, mean: 0.41901, std: 0.14945

Metrics for layer 5:
  pearson_correlation: 0.0225
  kl_divergence: -331.9963
  ssim: 0.0562
  iou: 0.1589
Layer 5 metrics:
  pearson_correlation: 0.0225
  kl_divergence: -331.9963
  ssim: 0.0562
  iou: 0.1589

After resizing:
Target shape: (56, 56)
Saliency map shape: (56, 56)
Attention map shape: (56, 56)

Normalized maps statistics:
Saliency - min: 0.00000, max: 1.00000, mean: 0.11423, std: 0.10009
Attention - min: 0.00000, max: 1.00000, mean: 0.47362, std: 0.15281

Metrics for layer 6:
  pearson_correlation: 0.0016
  kl_divergence: -377.5775
  ssim: 0.0522
  iou: 0.1479
Layer 6 metrics:
  pearson_correlation: 0.0016
  kl_divergence: -377.5775
  ssim: 0.0522
  iou: 0.1479

After resizing:
Target shape: (28, 28)
Saliency map shape: (28, 28)
Attention map shape: (28, 28)

Normalized maps statistics:
Saliency - min: 0.00000, max: 1.00000, mean: 0.07594, std: 0.07019
Attention - min: 0.00000, max: 1.00000, mean: 0.52483, std: 0.14985

Metrics for layer 7:
  pearson_correlation: 0.0062
  kl_divergence: -92.1962
  ssim: 0.0311
  iou: 0.1632
Layer 7 metrics:
  pearson_correlation: 0.0062
  kl_divergence: -92.1962
  ssim: 0.0311
  iou: 0.1632

After resizing:
Target shape: (28, 28)
Saliency map shape: (28, 28)
Attention map shape: (28, 28)

Normalized maps statistics:
Saliency - min: 0.00000, max: 1.00000, mean: 0.07594, std: 0.07019
Attention - min: 0.00000, max: 1.00000, mean: 0.44584, std: 0.16954

Metrics for layer 8:
  pearson_correlation: 0.0119
  kl_divergence: -81.5453
  ssim: 0.0383
  iou: 0.1395
Layer 8 metrics:
  pearson_correlation: 0.0119
  kl_divergence: -81.5453
  ssim: 0.0383
  iou: 0.1395

After resizing:
Target shape: (28, 28)
Saliency map shape: (28, 28)
Attention map shape: (28, 28)

Normalized maps statistics:
Saliency - min: 0.00000, max: 1.00000, mean: 0.07594, std: 0.07019
Attention - min: 0.00000, max: 1.00000, mean: 0.51018, std: 0.15592

Metrics for layer 9:
  pearson_correlation: -0.0109
  kl_divergence: -90.5003
  ssim: 0.0356
  iou: 0.1462
Layer 9 metrics:
  pearson_correlation: -0.0109
  kl_divergence: -90.5003
  ssim: 0.0356
  iou: 0.1462

After resizing:
Target shape: (14, 14)
Saliency map shape: (14, 14)
Attention map shape: (14, 14)

Normalized maps statistics:
Saliency - min: 0.00000, max: 1.00000, mean: 0.18658, std: 0.16890
Attention - min: 0.00000, max: 1.00000, mean: 0.47968, std: 0.19817

Metrics for layer 10:
  pearson_correlation: 0.2221
  kl_divergence: -17.5056
  ssim: 0.2364
  iou: 0.2099
Layer 10 metrics:
  pearson_correlation: 0.2221
  kl_divergence: -17.5056
  ssim: 0.2364
  iou: 0.2099

After resizing:
Target shape: (14, 14)
Saliency map shape: (14, 14)
Attention map shape: (14, 14)

Normalized maps statistics:
Saliency - min: 0.00000, max: 1.00000, mean: 0.18658, std: 0.16890
Attention - min: 0.00000, max: 1.00000, mean: 0.45942, std: 0.18324

Metrics for layer 11:
  pearson_correlation: 0.0532
  kl_divergence: -16.7986
  ssim: 0.1471
  iou: 0.1395
Layer 11 metrics:
  pearson_correlation: 0.0532
  kl_divergence: -16.7986
  ssim: 0.1471
  iou: 0.1395

After resizing:
Target shape: (14, 14)
Saliency map shape: (14, 14)
Attention map shape: (14, 14)

Normalized maps statistics:
Saliency - min: 0.00000, max: 1.00000, mean: 0.18658, std: 0.16890
Attention - min: 0.00000, max: 1.00000, mean: 0.46566, std: 0.18661

Metrics for layer 12:
  pearson_correlation: -0.0511
  kl_divergence: -15.7937
  ssim: 0.0308
  iou: 0.1264
Layer 12 metrics:
  pearson_correlation: -0.0511
  kl_divergence: -15.7937
  ssim: 0.0308
  iou: 0.1264
Analyzing attention effects...
Computing baseline responses...
Computing responses with attention...

Creating feed dict:

Creating feed dict:
Successfully analyzed attention effects
Generating visualizations...
Saliency (final) stats at visualization: min=0.00000, max=1.00000, mean=0.03700, std=0.03738
Saved visualization for image 0
Saved batch results to /scratch/hy2611/CNN_attention/Data/VGG16/attention_results_cat5_layer2/batch_1_strength_1.2_results.npy

Analysis complete! Results saved to /scratch/hy2611/CNN_attention/Data/VGG16/attention_results_cat5_layer2
