(vgg16_env) Singularity> python vgg16_ObjectAttn.py
WARNING:tensorflow:From vgg16_ObjectAttn.py:537: The name tf.Session is deprecated. Please use tf.compat.v1.Session instead.

2024-11-28 18:11:23.677194: I tensorflow/stream_executor/platform/default/dso_loader.cc:44] Successfully opened dynamic library libcuda.so.1
2024-11-28 18:11:24.501711: I tensorflow/core/common_runtime/gpu/gpu_device.cc:1618] Found device 0 with properties: 
name: NVIDIA H100 80GB HBM3 major: 9 minor: 0 memoryClockRate(GHz): 1.98
pciBusID: 0000:c6:00.0
2024-11-28 18:11:24.502972: W tensorflow/stream_executor/platform/default/dso_loader.cc:55] Could not load dynamic library 'libcudart.so.10.0'; dlerror: libcudart.so.10.0: cannot open shared object file: No such file or directory; LD_LIBRARY_PATH: /usr/local/nvidia/lib:/usr/local/nvidia/lib64:/.singularity.d/libs
2024-11-28 18:11:24.504050: W tensorflow/stream_executor/platform/default/dso_loader.cc:55] Could not load dynamic library 'libcublas.so.10.0'; dlerror: libcublas.so.10.0: cannot open shared object file: No such file or directory; LD_LIBRARY_PATH: /usr/local/nvidia/lib:/usr/local/nvidia/lib64:/.singularity.d/libs
2024-11-28 18:11:24.505104: W tensorflow/stream_executor/platform/default/dso_loader.cc:55] Could not load dynamic library 'libcufft.so.10.0'; dlerror: libcufft.so.10.0: cannot open shared object file: No such file or directory; LD_LIBRARY_PATH: /usr/local/nvidia/lib:/usr/local/nvidia/lib64:/.singularity.d/libs
2024-11-28 18:11:24.506156: W tensorflow/stream_executor/platform/default/dso_loader.cc:55] Could not load dynamic library 'libcurand.so.10.0'; dlerror: libcurand.so.10.0: cannot open shared object file: No such file or directory; LD_LIBRARY_PATH: /usr/local/nvidia/lib:/usr/local/nvidia/lib64:/.singularity.d/libs
2024-11-28 18:11:24.507193: W tensorflow/stream_executor/platform/default/dso_loader.cc:55] Could not load dynamic library 'libcusolver.so.10.0'; dlerror: libcusolver.so.10.0: cannot open shared object file: No such file or directory; LD_LIBRARY_PATH: /usr/local/nvidia/lib:/usr/local/nvidia/lib64:/.singularity.d/libs
2024-11-28 18:11:24.508229: W tensorflow/stream_executor/platform/default/dso_loader.cc:55] Could not load dynamic library 'libcusparse.so.10.0'; dlerror: libcusparse.so.10.0: cannot open shared object file: No such file or directory; LD_LIBRARY_PATH: /usr/local/nvidia/lib:/usr/local/nvidia/lib64:/.singularity.d/libs
2024-11-28 18:11:24.509265: W tensorflow/stream_executor/platform/default/dso_loader.cc:55] Could not load dynamic library 'libcudnn.so.7'; dlerror: libcudnn.so.7: cannot open shared object file: No such file or directory; LD_LIBRARY_PATH: /usr/local/nvidia/lib:/usr/local/nvidia/lib64:/.singularity.d/libs
2024-11-28 18:11:24.509273: W tensorflow/core/common_runtime/gpu/gpu_device.cc:1641] Cannot dlopen some GPU libraries. Please make sure the missing libraries mentioned above are installed properly if you would like to use GPU. Follow the guide at https://www.tensorflow.org/install/gpu for how to download and setup the required libraries for your platform.
Skipping registering GPU devices...
2024-11-28 18:11:24.509683: I tensorflow/core/platform/cpu_feature_guard.cc:142] Your CPU supports instructions that this TensorFlow binary was not compiled to use: AVX2 AVX512F FMA
2024-11-28 18:11:24.517793: I tensorflow/core/platform/profile_utils/cpu_utils.cc:94] CPU Frequency: 2749790000 Hz
2024-11-28 18:11:24.518059: I tensorflow/compiler/xla/service/service.cc:168] XLA service 0x4c77dc0 initialized for platform Host (this does not guarantee that XLA will be used). Devices:
2024-11-28 18:11:24.518066: I tensorflow/compiler/xla/service/service.cc:176]   StreamExecutor device (0): Host, Default Version
2024-11-28 18:11:24.711530: I tensorflow/compiler/xla/service/service.cc:168] XLA service 0x4c41fe0 initialized for platform CUDA (this does not guarantee that XLA will be used). Devices:
2024-11-28 18:11:24.711549: I tensorflow/compiler/xla/service/service.cc:176]   StreamExecutor device (0): NVIDIA H100 80GB HBM3, Compute Capability 9.0
2024-11-28 18:11:24.711872: I tensorflow/core/common_runtime/gpu/gpu_device.cc:1159] Device interconnect StreamExecutor with strength 1 edge matrix:
2024-11-28 18:11:24.711880: I tensorflow/core/common_runtime/gpu/gpu_device.cc:1165]      
WARNING:tensorflow:From vgg16_ObjectAttn.py:538: The name tf.placeholder is deprecated. Please use tf.compat.v1.placeholder instead.

WARNING:tensorflow:From vgg16_ObjectAttn.py:276: The name tf.truncated_normal is deprecated. Please use tf.random.truncated_normal instead.

c11 [75, 224, 224, 64]
c12 [75, 224, 224, 64]
WARNING:tensorflow:From vgg16_ObjectAttn.py:302: The name tf.nn.max_pool is deprecated. Please use tf.nn.max_pool2d instead.

c21 [75, 112, 112, 128]
c22 [75, 112, 112, 128]
c31 [75, 56, 56, 256]
c32 [75, 56, 56, 256]
c33 [75, 56, 56, 256]
c41 [75, 28, 28, 512]
c42 [75, 28, 28, 512]
c43 [75, 28, 28, 512]
c51 [75, 14, 14, 512]
c52 [75, 14, 14, 512]
c53 [75, 14, 14, 512]
WARNING:tensorflow:
The TensorFlow contrib module will not be included in TensorFlow 2.0.
For more information, please see:
  * https://github.com/tensorflow/community/blob/master/rfcs/20180907-contrib-sunset.md
  * https://github.com/tensorflow/addons
  * https://github.com/tensorflow/io (for I/O related ops)
If you depend on functionality not listed there, please file an issue.

WARNING:tensorflow:From vgg16_ObjectAttn.py:260: sigmoid_cross_entropy (from tensorflow.contrib.losses.python.losses.loss_ops) is deprecated and will be removed after 2016-12-30.
Instructions for updating:
Use tf.losses.sigmoid_cross_entropy instead. Note that the order of the predictions and labels arguments has been changed.
WARNING:tensorflow:From /ext3/envs/vgg16_env/lib/python2.7/site-packages/tensorflow_core/python/ops/nn_impl.py:183: where (from tensorflow.python.ops.array_ops) is deprecated and will be removed in a future version.
Instructions for updating:
Use tf.where in 2.0, which has the same broadcast rule as np.where
WARNING:tensorflow:From /ext3/envs/vgg16_env/lib/python2.7/site-packages/tensorflow_core/contrib/losses/python/losses/loss_ops.py:322: compute_weighted_loss (from tensorflow.contrib.losses.python.losses.loss_ops) is deprecated and will be removed after 2016-12-30.
Instructions for updating:
Use tf.losses.compute_weighted_loss instead.
WARNING:tensorflow:From /ext3/envs/vgg16_env/lib/python2.7/site-packages/tensorflow_core/contrib/losses/python/losses/loss_ops.py:152: div (from tensorflow.python.ops.math_ops) is deprecated and will be removed in a future version.
Instructions for updating:
Deprecated in favor of operator or tf.math.divide.
WARNING:tensorflow:From /ext3/envs/vgg16_env/lib/python2.7/site-packages/tensorflow_core/contrib/losses/python/losses/loss_ops.py:121: add_loss (from tensorflow.contrib.losses.python.losses.loss_ops) is deprecated and will be removed after 2016-12-30.
Instructions for updating:
Use tf.losses.add_loss instead.
WARNING:tensorflow:From vgg16_ObjectAttn.py:261: The name tf.train.AdamOptimizer is deprecated. Please use tf.compat.v1.train.AdamOptimizer instead.

WARNING:tensorflow:From vgg16_ObjectAttn.py:529: The name tf.global_variables_initializer is deprecated. Please use tf.compat.v1.global_variables_initializer instead.

0 conv1_1_W (3, 3, 3, 64)
1 conv1_1_b (64,)
2 conv1_2_W (3, 3, 64, 64)
3 conv1_2_b (64,)
4 conv2_1_W (3, 3, 64, 128)
5 conv2_1_b (128,)
6 conv2_2_W (3, 3, 128, 128)
7 conv2_2_b (128,)
8 conv3_1_W (3, 3, 128, 256)
9 conv3_1_b (256,)
10 conv3_2_W (3, 3, 256, 256)
11 conv3_2_b (256,)
12 conv3_3_W (3, 3, 256, 256)
13 conv3_3_b (256,)
14 conv4_1_W (3, 3, 256, 512)
15 conv4_1_b (512,)
16 conv4_2_W (3, 3, 512, 512)
17 conv4_2_b (512,)
18 conv4_3_W (3, 3, 512, 512)
19 conv4_3_b (512,)
20 conv5_1_W (3, 3, 512, 512)
21 conv5_1_b (512,)
22 conv5_2_W (3, 3, 512, 512)
23 conv5_2_b (512,)
24 conv5_3_W (3, 3, 512, 512)
25 conv5_3_b (512,)
26 fc6_W (25088, 4096)
27 fc6_b (4096,)
28 fc7_W (4096, 4096)
29 fc7_b (4096,)
WARNING:tensorflow:From vgg16_ObjectAttn.py:543: The name tf.train.Saver is deprecated. Please use tf.compat.v1.train.Saver instead.

20 <type 'int'> [ 1  2  3  4  5  6  7  8  9 10 11 12 13 14 15 16 17 18 19]
([array([[[[ 21.95016289,  19.02353668],
         [  3.55875015,   3.99137259],
         [ 14.82397366,  16.59649086],
         ...,
         [ 50.25800323,  45.7109642 ],
         [ 21.04164314,  17.65547752],
         [ 15.32203102,  14.37748337]],

        [[ 20.77967834,  18.00918388],
         [  8.98816395,  10.08076763],
         [ 12.60548019,  14.11274433],
         ...,
         [ 77.75360107,  70.71854401],
         [ 18.83872986,  15.80718613],
         [ 12.44307709,  11.67595482]],

        [[ 18.79950523,  16.29307556],
         [ 39.97976685,  44.83963394],
         [ 22.88184929,  25.61778259],
         ...,
         [ 42.35216141,  38.52051926],
         [ 16.05765533,  13.47354698],
         [ 10.80205345,  10.13613605]],

        ...,

        [[ 14.40509987,  12.48455715],
         [  0.49888399,   0.55952853],
         [ 10.31456661,  11.54794598],
         ...,
         [ 44.01242065,  40.03020096],
         [ 10.27333927,   8.62007427],
         [ 10.08757687,   9.46567059]],

        [[ 21.41017151,  18.55556107],
         [ 18.95290947,  21.25683022],
         [ 14.71556473,  16.4751606 ],
         ...,
         [ 86.36395264,  78.54992676],
         [ 15.68948841,  13.16464424],
         [ 11.85898781,  11.1278553 ]],

        [[ 12.14994049,  10.53000832],
         [  6.6655798 ,   7.47588062],
         [ 12.31693935,  13.78964901],
         ...,
         [ 36.94398117,  33.60149765],
         [  8.1296196 ,   6.82133341],
         [  8.0779295 ,   7.57997036]]],


       [[[ 71.47704315,  66.94316864],
         [ 67.85152435,  63.88367462],
         [  1.21352482,   2.26697397],
         ...,
         [ 77.06231689,  83.4756546 ],
         [ 67.06118011,  57.96741486],
         [ 52.5629425 ,  43.71776962]],

        [[ 67.91239166,  62.51756668],
         [ 84.813797  ,  79.55532837],
         [ 14.75263405,  18.54335403],
         ...,
         [ 54.79000854,  59.88128281],
         [ 63.40415192,  54.74423599],
         [ 50.83421326,  42.06017303]],

        [[ 79.59009552,  80.8923111 ],
         [ 80.53914642,  81.37191772],
         [ 64.52984619,  74.46292877],
         ...,
         [ 36.81516266,  40.32795334],
         [ 50.13291168,  43.63668823],
         [ 42.92330933,  35.55746078]],

        ...,

        [[ 51.18950272,  50.58814621],
         [ 49.45636368,  47.71969223],
         [  0.77165532,   1.12855697],
         ...,
         [ 97.95492554, 105.24829865],
         [ 26.59675217,  22.87697601],
         [ 26.10239983,  21.60153198]],

        [[ 79.17346191,  78.08501434],
         [103.57962799, 102.65391541],
         [ 76.21389008, 102.18245697],
         ...,
         [102.38853455, 114.66758728],
         [ 48.85817337,  43.05999756],
         [ 46.52206421,  38.84381866]],

        [[ 49.97776794,  51.4370079 ],
         [ 45.48281097,  45.28327179],
         [  4.50956583,   5.89916563],
         ...,
         [ 45.56715393,  49.12266159],
         [ 19.63798141,  16.90848732],
         [ 19.61797142,  16.25190735]]]]), array([[[[  6.84519577,   7.30197716],
         [127.38324738, 117.74247742],
         [179.44415283, 152.43882751],
         ...,
         [309.05529785, 281.03863525],
         [201.71281433, 191.33947754],
         [166.23153687, 156.61058044]],

        [[  9.3133688 ,   9.84246922],
         [112.57128906, 102.90745544],
         [155.8886261 , 130.70024109],
         ...,
         [320.43951416, 288.8956604 ],
         [186.13619995, 175.16082764],
         [163.21400452, 151.65924072]],

        [[ 10.90690994,  10.89521503],
         [105.07594299, 102.98275757],
         [144.59777832, 122.15715027],
         ...,
         [266.35678101, 247.43867493],
         [171.17341614, 172.82055664],
         [152.68208313, 149.13172913]],

        ...,

        [[ 24.50680923,  24.61950874],
         [ 80.23405457,  77.24158478],
         [ 62.52384567,  50.10272217],
         ...,
         [165.75238037, 153.5448761 ],
         [114.8951416 , 114.94198608],
         [105.23870087, 101.11119843]],

        [[ 49.01038742,  47.61962509],
         [113.98870087, 109.41023254],
         [ 79.42702484,  61.17783356],
         ...,
         [266.34609985, 251.08190918],
         [156.65336609, 160.00675964],
         [157.72904968, 154.10968018]],

        [[ 23.08224297,  22.60590935],
         [ 72.10839081,  71.72824097],
         [ 61.82117081,  51.64334106],
         ...,
         [135.20809937, 126.66933441],
         [102.69264221, 104.98784637],
         [ 87.72395325,  86.70695496]]],


       [[[207.45683289, 213.8142395 ],
         [148.51506042, 139.89186096],
         [134.97488403, 125.30200958],
         ...,
         [256.49395752, 238.79544067],
         [313.12567139, 301.53479004],
         [251.67662048, 255.02537537]],

        [[205.29507446, 208.37414551],
         [119.64807892, 112.14977264],
         [125.84345245, 116.36141968],
         ...,
         [489.41610718, 445.14215088],
         [271.71069336, 253.78009033],
         [208.78436279, 210.29412842]],

        [[165.14543152, 172.58276367],
         [132.0745697 , 123.11357117],
         [ 95.55786896,  89.51504517],
         ...,
         [367.2432251 , 338.32095337],
         [270.90820312, 267.5045166 ],
         [243.39744568, 250.98422241]],

        ...,

        [[104.43825531, 116.48123932],
         [125.41309357, 116.12808228],
         [102.38986969,  94.84786224],
         ...,
         [144.44358826, 129.33816528],
         [203.02279663, 199.70651245],
         [257.18869019, 261.60681152]],

        [[283.20794678, 314.20968628],
         [140.69403076, 133.42140198],
         [117.91429138, 113.95172882],
         ...,
         [412.847229  , 385.84802246],
         [279.07867432, 276.51507568],
         [292.65966797, 301.9133606 ]],

        [[ 66.88626862,  75.64926147],
         [ 95.86975861,  89.14924622],
         [ 82.362854  ,  76.65148926],
         ...,
         [118.91340637, 104.77532959],
         [184.40505981, 184.39956665],
         [266.86294556, 275.21328735]]]]), array([[[[264.3494873 , 252.55421448],
         [ 69.47409821,  67.38468933],
         [275.19137573, 259.88961792],
         ...,
         [313.65249634, 299.54971313],
         [288.00909424, 276.90298462],
         [151.52255249, 127.39579773]],

        [[248.79223633, 233.4972229 ],
         [ 84.05995178,  80.58514404],
         [295.68951416, 273.27694702],
         ...,
         [356.07092285, 333.81515503],
         [302.08068848, 288.79370117],
         [147.3291626 , 129.28570557]],

        [[257.86480713, 249.9786377 ],
         [189.53233337, 197.33657837],
         [273.51766968, 265.83422852],
         ...,
         [328.28491211, 324.59033203],
         [269.26638794, 268.45748901],
         [121.24720001, 105.1110611 ]],

        ...,

        [[138.83583069, 135.34973145],
         [ 76.76976776,  75.56776428],
         [211.0703125 , 207.42889404],
         ...,
         [128.99624634, 125.13021851],
         [157.26847839, 155.661026  ],
         [ 54.61684418,  47.66341019]],

        [[255.44644165, 248.51933289],
         [141.79660034, 142.48304749],
         [250.64268494, 245.77441406],
         ...,
         [317.19262695, 315.11590576],
         [280.38088989, 281.0524292 ],
         [ 74.56691742,  64.4227829 ]],

        [[102.65077972, 102.15995026],
         [ 41.73111343,  45.39581299],
         [179.76478577, 176.33123779],
         ...,
         [ 95.84950256,  95.24118042],
         [ 98.65452576,  98.06632996],
         [ 22.92862892,  20.98677826]]],


       [[[400.61480713, 399.62863159],
         [210.70057678, 210.85844421],
         [374.64581299, 343.37487793],
         ...,
         [264.35061646, 242.24752808],
         [147.02583313, 140.35269165],
         [338.87399292, 320.85424805]],

        [[324.28399658, 317.53894043],
         [179.5153656 , 176.63639832],
         [415.93286133, 372.96774292],
         ...,
         [238.27011108, 213.90708923],
         [232.42153931, 216.51490784],
         [307.02944946, 281.83932495]],

        [[366.6031189 , 366.17932129],
         [223.0063324 , 216.64198303],
         [357.50778198, 342.21020508],
         ...,
         [183.22026062, 174.15769958],
         [210.02354431, 206.27122498],
         [330.71646118, 331.48318481]],

        ...,

        [[363.947052  , 358.34127808],
         [174.77851868, 168.65013123],
         [131.83137512, 124.95114136],
         ...,
         [107.72812653, 102.7233429 ],
         [183.1295166 , 175.80171204],
         [281.37966919, 279.98779297]],

        [[560.05419922, 558.83508301],
         [149.65184021, 142.68403625],
         [260.47537231, 245.39518738],
         ...,
         [173.67547607, 161.50762939],
         [287.73001099, 283.05450439],
         [313.15493774, 311.40945435]],

        [[282.84564209, 279.58901978],
         [ 93.40486145,  93.48538971],
         [121.5610733 , 119.49044037],
         ...,
         [110.5035553 , 104.4356842 ],
         [120.83052826, 117.35582733],
         [312.47360229, 315.72067261]]],


       [[[247.07122803, 217.70681763],
         [142.91574097, 131.84857178],
         [119.10437012, 114.60689545],
         ...,
         [132.68952942, 122.36201477],
         [ 43.3818512 ,  39.0308876 ],
         [167.48335266, 149.21229553]],

        [[205.90428162, 178.28039551],
         [136.03672791, 123.6985321 ],
         [ 81.76570892,  77.04351044],
         ...,
         [124.30458832, 114.33428955],
         [ 73.92121887,  64.6460495 ],
         [102.121521  ,  83.61650848]],

        [[169.4342041 , 155.19291687],
         [169.0811615 , 159.98869324],
         [130.80975342, 129.26074219],
         ...,
         [154.86462402, 149.60099792],
         [ 82.54641724,  77.38113403],
         [ 72.66027832,  57.37527466]],

        ...,

        [[105.8290329 ,  88.16793823],
         [ 97.38916779,  85.130867  ],
         [107.46970367, 103.08763123],
         ...,
         [152.35118103, 145.66766357],
         [ 41.87118912,  38.11397552],
         [149.08161926, 140.19067383]],

        [[168.01445007, 135.0196228 ],
         [148.15298462, 140.15567017],
         [116.92362213, 112.80361176],
         ...,
         [218.99427795, 214.56001282],
         [126.02074432, 119.90026855],
         [142.09681702, 108.27393341]],

        [[ 79.89286041,  67.72557831],
         [102.31539154,  89.59114838],
         [ 79.98838806,  77.71535492],
         ...,
         [134.71333313, 128.55499268],
         [ 22.66974068,  21.80862427],
         [127.72223663, 117.44615936]]]]), array([[[[ 24.99406052,  22.99224472],
         [217.78007507, 205.06925964],
         [177.998703  , 163.92808533],
         ...,
         [ 16.82110977,  17.39736938],
         [157.12783813, 142.15879822],
         [239.09422302, 234.48422241]],

        [[ 19.89001656,  21.43873596],
         [221.38171387, 205.57463074],
         [159.48513794, 146.27815247],
         ...,
         [ 23.35011101,  21.88269806],
         [187.01385498, 164.73699951],
         [241.645401  , 231.1244812 ]],

        [[ 60.75812149,  59.42708206],
         [189.28181458, 183.69837952],
         [182.46125793, 172.95446777],
         ...,
         [ 26.91919899,  27.95140839],
         [109.16052246,  99.09579468],
         [255.10339355, 263.0814209 ]],

        ...,

        [[ 45.86671066,  39.34259796],
         [ 87.09596252,  82.26778412],
         [104.37056732,  97.26102448],
         ...,
         [ 82.3256073 ,  85.89421082],
         [ 46.06425476,  41.45675278],
         [126.84719849, 127.07627106]],

        [[ 42.85895538,  40.38647079],
         [158.92698669, 150.06704712],
         [161.19740295, 158.27267456],
         ...,
         [169.12246704, 168.02975464],
         [124.83427429, 110.13286591],
         [185.10423279, 188.52922058]],

        [[ 62.32893372,  55.60674286],
         [ 44.91580963,  41.21116257],
         [ 82.60951996,  79.98738098],
         ...,
         [ 69.00783539,  73.30355835],
         [ 36.45752335,  32.6864624 ],
         [ 60.79539108,  62.34624481]]],


       [[[ 30.29454613,  26.3963604 ],
         [ 42.30031967,  43.45695496],
         [ 52.76308441,  54.51342773],
         ...,
         [113.8755188 , 118.35398102],
         [ 78.8131485 ,  76.7898941 ],
         [ 46.2297554 ,  50.04145432]],

        [[ 11.23174572,   9.494174  ],
         [ 41.81928253,  41.29401398],
         [ 25.44677925,  27.00209045],
         ...,
         [ 99.72962189, 103.34098053],
         [126.94260406, 119.39943695],
         [ 21.53077126,  23.13512993]],

        [[ 18.86328125,  16.58459282],
         [ 57.92366791,  59.9311676 ],
         [ 43.03561401,  47.12236023],
         ...,
         [ 91.42063904,  96.42108917],
         [ 97.98723602,  94.0279007 ],
         [ 22.01667213,  24.20630646]],

        ...,

        [[ 12.09653664,  10.50847912],
         [ 62.12542343,  64.78852081],
         [ 30.08344841,  30.70493889],
         ...,
         [ 44.66767883,  47.35593033],
         [ 60.79508972,  58.58097839],
         [  7.74541092,   7.58166647]],

        [[  7.02551937,   5.32753229],
         [ 42.97535324,  42.12875748],
         [ 21.62987709,  22.44511032],
         ...,
         [ 95.92578125, 103.80768585],
         [163.83721924, 157.66850281],
         [ 10.98719883,  10.24703026]],

        [[ 25.8400116 ,  21.52174759],
         [ 62.05024338,  62.14789581],
         [ 76.44335175,  79.50390625],
         ...,
         [ 45.44956589,  49.07228088],
         [ 70.17932892,  66.49051666],
         [ 19.73794937,  19.1016407 ]]],


       [[[ 24.56775475,  23.49936485],
         [ 10.1285429 ,   9.69963932],
         [ 19.92316628,  19.79493332],
         ...,
         [  9.11218357,   9.29760838],
         [ 19.81757545,  18.7497406 ],
         [ 17.44581032,  14.34094238]],

        [[ 13.70950222,  12.75824261],
         [  9.51203728,   8.74001789],
         [ 12.36189461,  11.79383945],
         ...,
         [  6.8842206 ,   6.98218584],
         [ 14.32335567,  12.23047638],
         [ 28.46237755,  23.99211311]],

        [[ 15.44257832,  14.98151588],
         [  3.65483522,   3.65834665],
         [ 25.69605064,  26.94972992],
         ...,
         [  9.57635689,   9.02313709],
         [ 24.09502602,  22.35924721],
         [ 29.77767563,  26.85739899]],

        ...,

        [[ 26.92725945,  25.3642025 ],
         [  2.75489283,   2.2284255 ],
         [ 58.49824524,  56.66275024],
         ...,
         [  7.10855913,   6.55854034],
         [  5.88728619,   5.9010787 ],
         [  6.42423153,   5.66490269]],

        [[ 55.4998703 ,  54.18105698],
         [  1.2734288 ,   0.98100543],
         [ 63.25793839,  63.27143097],
         ...,
         [ 16.06579971,  16.39920807],
         [ 12.58348846,  11.16952419],
         [ 20.70196724,  15.66564846]],

        [[  3.49369097,   3.19364238],
         [  1.06857753,   0.91885537],
         [ 22.88579941,  22.91316795],
         ...,
         [  2.49256134,   2.4313364 ],
         [  4.47157764,   4.59090328],
         [ 15.1879158 ,  13.03823757]]]]), array([[[[1.63417625e+01, 1.60680065e+01],
         [4.92366714e+01, 4.68708687e+01],
         [3.67859497e+01, 3.38027420e+01],
         ...,
         [1.84834080e+01, 1.72168522e+01],
         [1.87001002e+00, 1.86319315e+00],
         [3.26226783e+00, 3.72238755e+00]],

        [[1.41887970e+01, 1.18908615e+01],
         [6.42229767e+01, 6.17285957e+01],
         [3.02641983e+01, 2.87364330e+01],
         ...,
         [1.90395851e+01, 1.82738552e+01],
         [2.35972905e+00, 2.45736098e+00],
         [3.75150061e+00, 4.32320929e+00]],

        [[3.19619961e+01, 3.02150707e+01],
         [5.15843964e+01, 4.86699104e+01],
         [1.20167189e+01, 1.23191824e+01],
         ...,
         [3.13214340e+01, 3.04612007e+01],
         [4.54925632e+00, 3.76315022e+00],
         [2.88423681e+00, 2.77289224e+00]],

        ...,

        [[7.06735373e+00, 6.55502367e+00],
         [3.54454350e+00, 3.90836906e+00],
         [1.13510895e+01, 1.06561003e+01],
         ...,
         [4.07263374e+01, 3.78616219e+01],
         [1.81164246e+01, 1.75815945e+01],
         [2.69872880e+00, 3.03061247e+00]],

        [[2.86156845e+01, 2.66898098e+01],
         [3.20936871e+00, 4.10168076e+00],
         [8.71122074e+00, 7.90792084e+00],
         ...,
         [3.49976997e+01, 3.32245750e+01],
         [1.63047047e+01, 1.36803780e+01],
         [4.31967115e+00, 4.19800091e+00]],

        [[6.49738979e+00, 5.87629604e+00],
         [9.58952332e+00, 8.17801571e+00],
         [1.28051805e+01, 1.24089518e+01],
         ...,
         [1.40848713e+01, 1.35542164e+01],
         [8.04815292e+00, 7.67207718e+00],
         [9.69177532e+00, 9.85230732e+00]]],


       [[[6.09793949e+00, 6.25456333e+00],
         [3.96148562e+00, 3.28586769e+00],
         [1.22789824e+00, 1.30105555e+00],
         ...,
         [3.95303273e+00, 4.33187008e+00],
         [6.48771191e+00, 6.23154831e+00],
         [1.30329590e+01, 1.07910404e+01]],

        [[1.34286661e+01, 1.32290516e+01],
         [3.35281992e+00, 3.10297346e+00],
         [5.25262070e+00, 4.57703638e+00],
         ...,
         [2.66979337e+00, 2.69325781e+00],
         [6.83426142e+00, 6.70623970e+00],
         [3.05778351e+01, 2.79043999e+01]],

        [[3.12569141e+00, 3.26630998e+00],
         [2.37665439e+00, 2.50102878e+00],
         [6.79128027e+00, 5.83670664e+00],
         ...,
         [2.13062763e+00, 2.37825704e+00],
         [3.22490931e+00, 3.47409344e+00],
         [5.49363756e+00, 4.65944576e+00]],

        ...,

        [[4.03341722e+00, 4.11158371e+00],
         [7.73471403e+00, 7.50212479e+00],
         [4.11648178e+00, 3.62250400e+00],
         ...,
         [5.67074633e+00, 5.39624023e+00],
         [7.19981098e+00, 6.85122919e+00],
         [2.55259347e+00, 2.63541389e+00]],

        [[6.40391302e+00, 7.36704159e+00],
         [8.88210011e+00, 8.90163517e+00],
         [4.44286537e+00, 3.75695229e+00],
         ...,
         [3.97779775e+00, 4.06353188e+00],
         [4.14346552e+00, 4.33856821e+00],
         [5.17827235e-02, 5.06146625e-03]],

        [[8.75772190e+00, 8.62688923e+00],
         [5.76962280e+00, 5.08460045e+00],
         [1.34237662e-01, 9.83426794e-02],
         ...,
         [1.82676232e+00, 1.88334966e+00],
         [5.70322609e+00, 5.72459078e+00],
         [1.61714828e+00, 1.41586518e+00]]],


       [[[6.60475969e-01, 9.27373469e-01],
         [9.61766005e-01, 1.12461078e+00],
         [6.81770921e-01, 8.62193882e-01],
         ...,
         [3.01552325e-01, 2.68113226e-01],
         [9.59322155e-01, 9.78405833e-01],
         [0.00000000e+00, 0.00000000e+00]],

        [[8.64562392e-01, 8.37060452e-01],
         [3.92153054e-01, 1.82951614e-01],
         [8.46157789e-01, 7.69864738e-01],
         ...,
         [1.18930908e-02, 1.67809445e-02],
         [4.45745811e-02, 3.95619012e-02],
         [0.00000000e+00, 0.00000000e+00]],

        [[6.26016438e-01, 5.32942176e-01],
         [5.16072571e-01, 5.06309450e-01],
         [5.97023487e-01, 5.60537517e-01],
         ...,
         [3.45687956e-01, 2.65570104e-01],
         [1.44782925e+00, 1.61518240e+00],
         [1.42045803e-02, 2.53640823e-02]],

        ...,

        [[2.97271419e+00, 2.55199409e+00],
         [7.50128746e+00, 6.58968115e+00],
         [0.00000000e+00, 0.00000000e+00],
         ...,
         [3.09022397e-01, 3.35470974e-01],
         [4.64581072e-01, 4.15974170e-01],
         [1.25183363e-03, 8.97798594e-03]],

        [[9.52326894e-01, 5.64483404e-01],
         [3.76383178e-02, 4.23131743e-03],
         [2.24712133e-01, 3.11388433e-01],
         ...,
         [1.43076873e+00, 1.48562813e+00],
         [4.40622419e-01, 2.35713944e-01],
         [3.59713763e-01, 4.77628857e-01]],

        [[1.06551766e+00, 1.01974404e+00],
         [1.11003053e+00, 8.35655510e-01],
         [5.95217466e-01, 4.71543878e-01],
         ...,
         [4.76944596e-01, 4.19685066e-01],
         [2.29295045e-01, 1.80185646e-01],
         [5.37508845e-01, 6.19490981e-01]]]])], array([0.45333333, 0.46666667]))
(vgg16_env) Singularity> 