(vgg16_env) Singularity> python vgg16_OriAttn.py 
WARNING:tensorflow:From vgg16_OriAttn.py:442: The name tf.Session is deprecated. Please use tf.compat.v1.Session instead.

2024-11-28 18:18:08.150562: I tensorflow/stream_executor/platform/default/dso_loader.cc:44] Successfully opened dynamic library libcuda.so.1
2024-11-28 18:18:08.945796: I tensorflow/core/common_runtime/gpu/gpu_device.cc:1618] Found device 0 with properties: 
name: NVIDIA H100 80GB HBM3 major: 9 minor: 0 memoryClockRate(GHz): 1.98
pciBusID: 0000:c6:00.0
2024-11-28 18:18:08.946030: W tensorflow/stream_executor/platform/default/dso_loader.cc:55] Could not load dynamic library 'libcudart.so.10.0'; dlerror: libcudart.so.10.0: cannot open shared object file: No such file or directory; LD_LIBRARY_PATH: /usr/local/nvidia/lib:/usr/local/nvidia/lib64:/.singularity.d/libs
2024-11-28 18:18:08.946136: W tensorflow/stream_executor/platform/default/dso_loader.cc:55] Could not load dynamic library 'libcublas.so.10.0'; dlerror: libcublas.so.10.0: cannot open shared object file: No such file or directory; LD_LIBRARY_PATH: /usr/local/nvidia/lib:/usr/local/nvidia/lib64:/.singularity.d/libs
2024-11-28 18:18:08.946233: W tensorflow/stream_executor/platform/default/dso_loader.cc:55] Could not load dynamic library 'libcufft.so.10.0'; dlerror: libcufft.so.10.0: cannot open shared object file: No such file or directory; LD_LIBRARY_PATH: /usr/local/nvidia/lib:/usr/local/nvidia/lib64:/.singularity.d/libs
2024-11-28 18:18:08.946326: W tensorflow/stream_executor/platform/default/dso_loader.cc:55] Could not load dynamic library 'libcurand.so.10.0'; dlerror: libcurand.so.10.0: cannot open shared object file: No such file or directory; LD_LIBRARY_PATH: /usr/local/nvidia/lib:/usr/local/nvidia/lib64:/.singularity.d/libs
2024-11-28 18:18:08.946419: W tensorflow/stream_executor/platform/default/dso_loader.cc:55] Could not load dynamic library 'libcusolver.so.10.0'; dlerror: libcusolver.so.10.0: cannot open shared object file: No such file or directory; LD_LIBRARY_PATH: /usr/local/nvidia/lib:/usr/local/nvidia/lib64:/.singularity.d/libs
2024-11-28 18:18:08.946509: W tensorflow/stream_executor/platform/default/dso_loader.cc:55] Could not load dynamic library 'libcusparse.so.10.0'; dlerror: libcusparse.so.10.0: cannot open shared object file: No such file or directory; LD_LIBRARY_PATH: /usr/local/nvidia/lib:/usr/local/nvidia/lib64:/.singularity.d/libs
2024-11-28 18:18:08.946603: W tensorflow/stream_executor/platform/default/dso_loader.cc:55] Could not load dynamic library 'libcudnn.so.7'; dlerror: libcudnn.so.7: cannot open shared object file: No such file or directory; LD_LIBRARY_PATH: /usr/local/nvidia/lib:/usr/local/nvidia/lib64:/.singularity.d/libs
2024-11-28 18:18:08.946609: W tensorflow/core/common_runtime/gpu/gpu_device.cc:1641] Cannot dlopen some GPU libraries. Please make sure the missing libraries mentioned above are installed properly if you would like to use GPU. Follow the guide at https://www.tensorflow.org/install/gpu for how to download and setup the required libraries for your platform.
Skipping registering GPU devices...
2024-11-28 18:18:08.946970: I tensorflow/core/platform/cpu_feature_guard.cc:142] Your CPU supports instructions that this TensorFlow binary was not compiled to use: AVX2 AVX512F FMA
2024-11-28 18:18:08.950660: I tensorflow/core/platform/profile_utils/cpu_utils.cc:94] CPU Frequency: 2749790000 Hz
2024-11-28 18:18:08.950780: I tensorflow/compiler/xla/service/service.cc:168] XLA service 0x40a7240 initialized for platform Host (this does not guarantee that XLA will be used). Devices:
2024-11-28 18:18:08.950786: I tensorflow/compiler/xla/service/service.cc:176]   StreamExecutor device (0): Host, Default Version
2024-11-28 18:18:09.139072: I tensorflow/compiler/xla/service/service.cc:168] XLA service 0x40a8ee0 initialized for platform CUDA (this does not guarantee that XLA will be used). Devices:
2024-11-28 18:18:09.139091: I tensorflow/compiler/xla/service/service.cc:176]   StreamExecutor device (0): NVIDIA H100 80GB HBM3, Compute Capability 9.0
2024-11-28 18:18:09.139410: I tensorflow/core/common_runtime/gpu/gpu_device.cc:1159] Device interconnect StreamExecutor with strength 1 edge matrix:
2024-11-28 18:18:09.139417: I tensorflow/core/common_runtime/gpu/gpu_device.cc:1165]      
WARNING:tensorflow:From vgg16_OriAttn.py:443: The name tf.placeholder is deprecated. Please use tf.compat.v1.placeholder instead.

WARNING:tensorflow:From vgg16_OriAttn.py:162: The name tf.truncated_normal is deprecated. Please use tf.random.truncated_normal instead.

c11 [50, 224, 224, 64]
c12 [50, 224, 224, 64]
WARNING:tensorflow:From vgg16_OriAttn.py:186: The name tf.nn.max_pool is deprecated. Please use tf.nn.max_pool2d instead.

c21 [50, 112, 112, 128]
c22 [50, 112, 112, 128]
c31 [50, 56, 56, 256]
c32 [50, 56, 56, 256]
c33 [50, 56, 56, 256]
c41 [50, 28, 28, 512]
c42 [50, 28, 28, 512]
c43 [50, 28, 28, 512]
c51 [50, 14, 14, 512]
c52 [50, 14, 14, 512]
c53 [50, 14, 14, 512]
WARNING:tensorflow:
The TensorFlow contrib module will not be included in TensorFlow 2.0.
For more information, please see:
  * https://github.com/tensorflow/community/blob/master/rfcs/20180907-contrib-sunset.md
  * https://github.com/tensorflow/addons
  * https://github.com/tensorflow/io (for I/O related ops)
If you depend on functionality not listed there, please file an issue.

WARNING:tensorflow:From vgg16_OriAttn.py:145: sigmoid_cross_entropy (from tensorflow.contrib.losses.python.losses.loss_ops) is deprecated and will be removed after 2016-12-30.
Instructions for updating:
Use tf.losses.sigmoid_cross_entropy instead. Note that the order of the predictions and labels arguments has been changed.
WARNING:tensorflow:From /ext3/envs/vgg16_env/lib/python2.7/site-packages/tensorflow_core/python/ops/nn_impl.py:183: where (from tensorflow.python.ops.array_ops) is deprecated and will be removed in a future version.
Instructions for updating:
Use tf.where in 2.0, which has the same broadcast rule as np.where
WARNING:tensorflow:From /ext3/envs/vgg16_env/lib/python2.7/site-packages/tensorflow_core/contrib/losses/python/losses/loss_ops.py:322: compute_weighted_loss (from tensorflow.contrib.losses.python.losses.loss_ops) is deprecated and will be removed after 2016-12-30.
Instructions for updating:
Use tf.losses.compute_weighted_loss instead.
WARNING:tensorflow:From /ext3/envs/vgg16_env/lib/python2.7/site-packages/tensorflow_core/contrib/losses/python/losses/loss_ops.py:152: div (from tensorflow.python.ops.math_ops) is deprecated and will be removed in a future version.
Instructions for updating:
Deprecated in favor of operator or tf.math.divide.
WARNING:tensorflow:From /ext3/envs/vgg16_env/lib/python2.7/site-packages/tensorflow_core/contrib/losses/python/losses/loss_ops.py:121: add_loss (from tensorflow.contrib.losses.python.losses.loss_ops) is deprecated and will be removed after 2016-12-30.
Instructions for updating:
Use tf.losses.add_loss instead.
WARNING:tensorflow:From vgg16_OriAttn.py:146: The name tf.train.AdamOptimizer is deprecated. Please use tf.compat.v1.train.AdamOptimizer instead.

WARNING:tensorflow:From vgg16_OriAttn.py:401: The name tf.global_variables_initializer is deprecated. Please use tf.compat.v1.global_variables_initializer instead.

0 conv1_1_W (3, 3, 3, 64)
1 conv1_1_b (64,)
2 conv1_2_W (3, 3, 64, 64)
3 conv1_2_b (64,)
4 conv2_1_W (3, 3, 64, 128)
5 conv2_1_b (128,)
6 conv2_2_W (3, 3, 128, 128)
7 conv2_2_b (128,)
8 conv3_1_W (3, 3, 128, 256)
9 conv3_1_b (256,)
10 conv3_2_W (3, 3, 256, 256)
11 conv3_2_b (256,)
12 conv3_3_W (3, 3, 256, 256)
13 conv3_3_b (256,)
14 conv4_1_W (3, 3, 256, 512)
15 conv4_1_b (512,)
16 conv4_2_W (3, 3, 512, 512)
17 conv4_2_b (512,)
18 conv4_3_W (3, 3, 512, 512)
19 conv4_3_b (512,)
20 conv5_1_W (3, 3, 512, 512)
21 conv5_1_b (512,)
22 conv5_2_W (3, 3, 512, 512)
23 conv5_2_b (512,)
24 conv5_3_W (3, 3, 512, 512)
25 conv5_3_b (512,)
26 fc6_W (25088, 4096)
27 fc6_b (4096,)
28 fc7_W (4096, 4096)
29 fc7_b (4096,)
WARNING:tensorflow:From vgg16_OriAttn.py:447: The name tf.train.Saver is deprecated. Please use tf.compat.v1.train.Saver instead.

0.0 0.02 1.0
0.5 0.28 1.0
(vgg16_env) Singularity> 