Mask 12 shape: (14, 14, 512)
Mask 12 min/max: 1.0 1.0
Averaged mask 12 shape: (14, 14)
Resized mask 12 shape: (75, 224)
Resized mask 12 min/max: 1.0 1.0
Final attention map shape: (75, 224)
Final attention min/max: 1.0 1.0
Metrics computation - normalized saliency min/max: 0.0 0.0
Metrics computation - normalized attention min/max: 0.0 0.0
Visualization saliency min/max before plotting: 0.0 0.0
Target shape: (224, 224)
Number of attention masks: 13
Mask 0 shape: (224, 224, 64)
Mask 0 min/max: 1.0 1.0
Averaged mask 0 shape: (224, 224)
Resized mask 0 shape: (224, 224)
Resized mask 0 min/max: 1.0 1.0
Mask 1 shape: (224, 224, 64)
Mask 1 min/max: 1.0 1.0
Averaged mask 1 shape: (224, 224)
Resized mask 1 shape: (224, 224)
Resized mask 1 min/max: 1.0 1.0
Mask 2 shape: (112, 112, 128)
Mask 2 min/max: 1.0 1.0
Averaged mask 2 shape: (112, 112)
Resized mask 2 shape: (224, 224)
Resized mask 2 min/max: 1.0 1.0
Mask 3 shape: (112, 112, 128)
Mask 3 min/max: 1.0 1.0
Averaged mask 3 shape: (112, 112)
Resized mask 3 shape: (224, 224)
Resized mask 3 min/max: 1.0 1.0
Mask 4 shape: (56, 56, 256)
Mask 4 min/max: 1.0 1.0
Averaged mask 4 shape: (56, 56)
Resized mask 4 shape: (224, 224)
Resized mask 4 min/max: 1.0 1.0
Mask 5 shape: (56, 56, 256)
Mask 5 min/max: 1.0 1.0
Averaged mask 5 shape: (56, 56)
Resized mask 5 shape: (224, 224)
Resized mask 5 min/max: 1.0 1.0
Mask 6 shape: (56, 56, 256)
Mask 6 min/max: 1.0 1.0
Averaged mask 6 shape: (56, 56)
Resized mask 6 shape: (224, 224)
Resized mask 6 min/max: 1.0 1.0
Mask 7 shape: (28, 28, 512)
Mask 7 min/max: 1.0 1.0
Averaged mask 7 shape: (28, 28)
Resized mask 7 shape: (224, 224)
Resized mask 7 min/max: 1.0 1.0
Mask 8 shape: (28, 28, 512)
Mask 8 min/max: 1.0 1.0
Averaged mask 8 shape: (28, 28)
Resized mask 8 shape: (224, 224)
Resized mask 8 min/max: 1.0 1.0
Mask 9 shape: (28, 28, 512)
Mask 9 min/max: 1.0 1.0
Averaged mask 9 shape: (28, 28)
Resized mask 9 shape: (224, 224)
Resized mask 9 min/max: 1.0 1.0
Mask 10 shape: (14, 14, 512)
Mask 10 min/max: 1.0 1.0
Averaged mask 10 shape: (14, 14)
Resized mask 10 shape: (224, 224)
Resized mask 10 min/max: 1.0 1.0
Mask 11 shape: (14, 14, 512)
Mask 11 min/max: 1.0 1.0
Averaged mask 11 shape: (14, 14)
Resized mask 11 shape: (224, 224)
Resized mask 11 min/max: 1.0 1.0
Mask 12 shape: (14, 14, 512)
Mask 12 min/max: 1.0 1.0
Averaged mask 12 shape: (14, 14)
Resized mask 12 shape: (224, 224)
Resized mask 12 min/max: 1.0 1.0
Final attention map shape: (224, 224)
Final attention min/max: 1.0 1.0
Visualization attention min/max before plotting: 0.0 0.0
Visualization saliency min/max before plotting: 0.0 0.0
Target shape: (224, 224)
Number of attention masks: 13
Mask 0 shape: (224, 224, 64)
Mask 0 min/max: 1.0 1.0
Averaged mask 0 shape: (224, 224)
Resized mask 0 shape: (224, 224)
Resized mask 0 min/max: 1.0 1.0
Mask 1 shape: (224, 224, 64)
Mask 1 min/max: 1.0 1.0
Averaged mask 1 shape: (224, 224)
Resized mask 1 shape: (224, 224)
Resized mask 1 min/max: 1.0 1.0
Mask 2 shape: (112, 112, 128)
Mask 2 min/max: 1.0 1.0
Averaged mask 2 shape: (112, 112)
Resized mask 2 shape: (224, 224)
Resized mask 2 min/max: 1.0 1.0
Mask 3 shape: (112, 112, 128)
Mask 3 min/max: 1.0 1.0
Averaged mask 3 shape: (112, 112)
Resized mask 3 shape: (224, 224)
Resized mask 3 min/max: 1.0 1.0
Mask 4 shape: (56, 56, 256)
Mask 4 min/max: 1.0 1.0
Averaged mask 4 shape: (56, 56)
Resized mask 4 shape: (224, 224)
Resized mask 4 min/max: 1.0 1.0
Mask 5 shape: (56, 56, 256)
Mask 5 min/max: 1.0 1.0
Averaged mask 5 shape: (56, 56)
Resized mask 5 shape: (224, 224)
Resized mask 5 min/max: 1.0 1.0
Mask 6 shape: (56, 56, 256)
Mask 6 min/max: 1.0 1.0
Averaged mask 6 shape: (56, 56)
Resized mask 6 shape: (224, 224)
Resized mask 6 min/max: 1.0 1.0
Mask 7 shape: (28, 28, 512)
Mask 7 min/max: 1.0 1.0
Averaged mask 7 shape: (28, 28)
Resized mask 7 shape: (224, 224)
Resized mask 7 min/max: 1.0 1.0
Mask 8 shape: (28, 28, 512)
Mask 8 min/max: 1.0 1.0
Averaged mask 8 shape: (28, 28)
Resized mask 8 shape: (224, 224)
Resized mask 8 min/max: 1.0 1.0
Mask 9 shape: (28, 28, 512)
Mask 9 min/max: 1.0 1.0
Averaged mask 9 shape: (28, 28)
Resized mask 9 shape: (224, 224)
Resized mask 9 min/max: 1.0 1.0
Mask 10 shape: (14, 14, 512)
Mask 10 min/max: 1.0 1.0
Averaged mask 10 shape: (14, 14)
Resized mask 10 shape: (224, 224)
Resized mask 10 min/max: 1.0 1.0
Mask 11 shape: (14, 14, 512)
Mask 11 min/max: 1.0 1.0
Averaged mask 11 shape: (14, 14)
Resized mask 11 shape: (224, 224)
Resized mask 11 min/max: 1.0 1.0
Mask 12 shape: (14, 14, 512)
Mask 12 min/max: 1.0 1.0
Averaged mask 12 shape: (14, 14)
Resized mask 12 shape: (224, 224)
Resized mask 12 min/max: 1.0 1.0
Final attention map shape: (224, 224)
Final attention min/max: 1.0 1.0
Visualization attention min/max before plotting: 0.0 0.0
Processing attention strength: 0.5
Saliency map shape: (75, 224, 224, 3)
Saliency map min/max: -0.00749151129276 0.00762462662533
Processed saliency shape: (75, 224, 224)
Processed saliency min/max: 0.0 0.00762462662533
Target shape: (75, 224, 224)
Number of attention masks: 13
Mask 0 shape: (224, 224, 64)
Mask 0 min/max: 0.683011679756 1.5
Averaged mask 0 shape: (224, 224)
Resized mask 0 shape: (75, 224)
Resized mask 0 min/max: 1.07785432358 1.07785432358
Mask 1 shape: (224, 224, 64)
Mask 1 min/max: 0.5 1.5
Averaged mask 1 shape: (224, 224)
Resized mask 1 shape: (75, 224)
Resized mask 1 min/max: 1.03613939565 1.03613939565
Mask 2 shape: (112, 112, 128)
Mask 2 min/max: 0.5 1.5
Averaged mask 2 shape: (112, 112)
Resized mask 2 shape: (75, 224)
Resized mask 2 min/max: 1.06193818834 1.06193818834
Mask 3 shape: (112, 112, 128)
Mask 3 min/max: 0.5 1.5
Averaged mask 3 shape: (112, 112)
Resized mask 3 shape: (75, 224)
Resized mask 3 min/max: 1.00440623367 1.00440623367
Mask 4 shape: (56, 56, 256)
Mask 4 min/max: 0.5 1.5
Averaged mask 4 shape: (56, 56)
Resized mask 4 shape: (75, 224)
Resized mask 4 min/max: 0.99434272178 0.99434272178
Mask 5 shape: (56, 56, 256)
Mask 5 min/max: 0.5 1.5
Averaged mask 5 shape: (56, 56)
Resized mask 5 shape: (75, 224)
Resized mask 5 min/max: 0.996717966704 0.996717966704
Mask 6 shape: (56, 56, 256)
Mask 6 min/max: 0.5 1.5
Averaged mask 6 shape: (56, 56)
Resized mask 6 shape: (75, 224)
Resized mask 6 min/max: 1.0129171442 1.0129171442
Mask 7 shape: (28, 28, 512)
Mask 7 min/max: 0.5 1.5
Averaged mask 7 shape: (28, 28)
Resized mask 7 shape: (75, 224)
Resized mask 7 min/max: 1.00882877127 1.00882877127
Mask 8 shape: (28, 28, 512)
Mask 8 min/max: 0.5 1.5
Averaged mask 8 shape: (28, 28)
Resized mask 8 shape: (75, 224)
Resized mask 8 min/max: 1.00800956199 1.00800956199
Mask 9 shape: (28, 28, 512)
Mask 9 min/max: 0.5 1.5
Averaged mask 9 shape: (28, 28)
Resized mask 9 shape: (75, 224)
Resized mask 9 min/max: 0.989489391968 0.989489391968
Mask 10 shape: (14, 14, 512)
Mask 10 min/max: 0.5 1.5
Averaged mask 10 shape: (14, 14)
Resized mask 10 shape: (75, 224)
Resized mask 10 min/max: 1.02294850678 1.02294850678
Mask 11 shape: (14, 14, 512)
Mask 11 min/max: 0.5 1.5
Averaged mask 11 shape: (14, 14)
Resized mask 11 shape: (75, 224)
Resized mask 11 min/max: 0.978897132479 0.978897132479
Mask 12 shape: (14, 14, 512)
Mask 12 min/max: 0.5 1.5
Averaged mask 12 shape: (14, 14)
Resized mask 12 shape: (75, 224)
Resized mask 12 min/max: 1.01962950913 1.01962950913
Final attention map shape: (75, 224)
Final attention min/max: 1.01631683443 1.01631683443
Metrics computation - normalized saliency min/max: 0.0 0.0
Metrics computation - normalized attention min/max: 0.0 0.0
Target shape: (75, 224, 224)
Number of attention masks: 13
Mask 0 shape: (224, 224, 64)
Mask 0 min/max: 0.557040147897 1.71448479744
Averaged mask 0 shape: (224, 224)
Resized mask 0 shape: (75, 224)
Resized mask 0 min/max: 0.909925469989 0.909925469989
Mask 1 shape: (224, 224, 64)
Mask 1 min/max: 0.61491312595 1.66715098643
Averaged mask 1 shape: (224, 224)
Resized mask 1 shape: (75, 224)
Resized mask 1 min/max: 0.846530755628 0.846530755628
Mask 2 shape: (112, 112, 128)
Mask 2 min/max: 0.417761189251 1.50587240011
Averaged mask 2 shape: (112, 112)
Resized mask 2 shape: (75, 224)
Resized mask 2 min/max: 0.787672669895 0.787672669895
Mask 3 shape: (112, 112, 128)
Mask 3 min/max: 0.513284419515 1.50210377077
Averaged mask 3 shape: (112, 112)
Resized mask 3 shape: (75, 224)
Resized mask 3 min/max: 0.83811602088 0.83811602088
Mask 4 shape: (56, 56, 256)
Mask 4 min/max: 0.510864563457 1.49997664664
Averaged mask 4 shape: (56, 56)
Resized mask 4 shape: (75, 224)
Resized mask 4 min/max: 0.853549291704 0.853549291704
Mask 5 shape: (56, 56, 256)
Mask 5 min/max: 0.317398008304 1.55882922498
Averaged mask 5 shape: (56, 56)
Resized mask 5 shape: (75, 224)
Resized mask 5 min/max: 0.854876785067 0.854876785067
Mask 6 shape: (56, 56, 256)
Mask 6 min/max: 0.518219361231 1.47063768429
Averaged mask 6 shape: (56, 56)
Resized mask 6 shape: (75, 224)
Resized mask 6 min/max: 0.885423808549 0.885423808549
Mask 7 shape: (28, 28, 512)
Mask 7 min/max: 0.477405613651 1.78910237391
Averaged mask 7 shape: (28, 28)
Resized mask 7 shape: (75, 224)
Resized mask 7 min/max: 0.874100258202 0.874100258202
Mask 8 shape: (28, 28, 512)
Mask 8 min/max: 0.431272514137 1.80892352023
Averaged mask 8 shape: (28, 28)
Resized mask 8 shape: (75, 224)
Resized mask 8 min/max: 0.894362267159 0.894362267159
Mask 9 shape: (28, 28, 512)
Mask 9 min/max: 0.50515687431 1.91044313767
Averaged mask 9 shape: (28, 28)
Resized mask 9 shape: (75, 224)
Resized mask 9 min/max: 0.910442454637 0.910442454637
Mask 10 shape: (14, 14, 512)
Mask 10 min/max: 0.495233343517 1.92616831063
Averaged mask 10 shape: (14, 14)
Resized mask 10 shape: (75, 224)
Resized mask 10 min/max: 0.920336072257 0.920336072257
Mask 11 shape: (14, 14, 512)
Mask 11 min/max: 0.512833442844 2.44683892638
Averaged mask 11 shape: (14, 14)
Resized mask 11 shape: (75, 224)
Resized mask 11 min/max: 0.921623110446 0.921623110446
Mask 12 shape: (14, 14, 512)
Mask 12 min/max: 0.70080702899 2.64886373771
Averaged mask 12 shape: (14, 14)
Resized mask 12 shape: (75, 224)
Resized mask 12 min/max: 1.02350268995 1.02350268995
Final attention map shape: (75, 224)
Final attention min/max: 0.886189358028 0.886189358028
Metrics computation - normalized saliency min/max: 0.0 0.0
Metrics computation - normalized attention min/max: 0.0 0.0
Visualization saliency min/max before plotting: 0.0 0.0
Target shape: (224, 224)
Number of attention masks: 13
Mask 0 shape: (224, 224, 64)
Mask 0 min/max: 0.683011679756 1.5
Averaged mask 0 shape: (224, 224)
Resized mask 0 shape: (224, 224)
Resized mask 0 min/max: 1.07785432358 1.07785432358
Mask 1 shape: (224, 224, 64)
Mask 1 min/max: 0.5 1.5
Averaged mask 1 shape: (224, 224)
Resized mask 1 shape: (224, 224)
Resized mask 1 min/max: 1.03613939565 1.03613939565
Mask 2 shape: (112, 112, 128)
Mask 2 min/max: 0.5 1.5
Averaged mask 2 shape: (112, 112)
Resized mask 2 shape: (224, 224)
Resized mask 2 min/max: 1.06193818834 1.06193818834
Mask 3 shape: (112, 112, 128)
Mask 3 min/max: 0.5 1.5
Averaged mask 3 shape: (112, 112)
Resized mask 3 shape: (224, 224)
Resized mask 3 min/max: 1.00440623367 1.00440623367
Mask 4 shape: (56, 56, 256)
Mask 4 min/max: 0.5 1.5
Averaged mask 4 shape: (56, 56)
Resized mask 4 shape: (224, 224)
Resized mask 4 min/max: 0.99434272178 0.99434272178
Mask 5 shape: (56, 56, 256)
Mask 5 min/max: 0.5 1.5
Averaged mask 5 shape: (56, 56)
Resized mask 5 shape: (224, 224)
Resized mask 5 min/max: 0.996717966704 0.996717966704
Mask 6 shape: (56, 56, 256)
Mask 6 min/max: 0.5 1.5
Averaged mask 6 shape: (56, 56)
Resized mask 6 shape: (224, 224)
Resized mask 6 min/max: 1.0129171442 1.0129171442
Mask 7 shape: (28, 28, 512)
Mask 7 min/max: 0.5 1.5
Averaged mask 7 shape: (28, 28)
Resized mask 7 shape: (224, 224)
Resized mask 7 min/max: 1.00882877127 1.00882877127
Mask 8 shape: (28, 28, 512)
Mask 8 min/max: 0.5 1.5
Averaged mask 8 shape: (28, 28)
Resized mask 8 shape: (224, 224)
Resized mask 8 min/max: 1.00800956199 1.00800956199
Mask 9 shape: (28, 28, 512)
Mask 9 min/max: 0.5 1.5
Averaged mask 9 shape: (28, 28)
Resized mask 9 shape: (224, 224)
Resized mask 9 min/max: 0.989489391968 0.989489391968
Mask 10 shape: (14, 14, 512)
Mask 10 min/max: 0.5 1.5
Averaged mask 10 shape: (14, 14)
Resized mask 10 shape: (224, 224)
Resized mask 10 min/max: 1.02294850678 1.02294850678
Mask 11 shape: (14, 14, 512)
Mask 11 min/max: 0.5 1.5
Averaged mask 11 shape: (14, 14)
Resized mask 11 shape: (224, 224)
Resized mask 11 min/max: 0.978897132479 0.978897132479
Mask 12 shape: (14, 14, 512)
Mask 12 min/max: 0.5 1.5
Averaged mask 12 shape: (14, 14)
Resized mask 12 shape: (224, 224)
Resized mask 12 min/max: 1.01962950913 1.01962950913
Final attention map shape: (224, 224)
Final attention min/max: 1.01631683443 1.01631683443
Visualization attention min/max before plotting: 0.0 0.0
Visualization saliency min/max before plotting: 0.0 0.0
Target shape: (224, 224)
Number of attention masks: 13
Mask 0 shape: (224, 224, 64)
Mask 0 min/max: 0.557040147897 1.71448479744
Averaged mask 0 shape: (224, 224)
Resized mask 0 shape: (224, 224)
Resized mask 0 min/max: 0.909925469989 0.909925469989
Mask 1 shape: (224, 224, 64)
Mask 1 min/max: 0.61491312595 1.66715098643
Averaged mask 1 shape: (224, 224)
Resized mask 1 shape: (224, 224)
Resized mask 1 min/max: 0.846530755628 0.846530755628
Mask 2 shape: (112, 112, 128)
Mask 2 min/max: 0.417761189251 1.50587240011
Averaged mask 2 shape: (112, 112)
Resized mask 2 shape: (224, 224)
Resized mask 2 min/max: 0.787672669895 0.787672669895
Mask 3 shape: (112, 112, 128)
Mask 3 min/max: 0.513284419515 1.50210377077
Averaged mask 3 shape: (112, 112)
Resized mask 3 shape: (224, 224)
Resized mask 3 min/max: 0.83811602088 0.83811602088
Mask 4 shape: (56, 56, 256)
Mask 4 min/max: 0.510864563457 1.49997664664
Averaged mask 4 shape: (56, 56)
Resized mask 4 shape: (224, 224)
Resized mask 4 min/max: 0.853549291704 0.853549291704
Mask 5 shape: (56, 56, 256)
Mask 5 min/max: 0.317398008304 1.55882922498
Averaged mask 5 shape: (56, 56)
Resized mask 5 shape: (224, 224)
Resized mask 5 min/max: 0.854876785067 0.854876785067
Mask 6 shape: (56, 56, 256)
Mask 6 min/max: 0.518219361231 1.47063768429
Averaged mask 6 shape: (56, 56)
Resized mask 6 shape: (224, 224)
Resized mask 6 min/max: 0.885423808549 0.885423808549
Mask 7 shape: (28, 28, 512)
Mask 7 min/max: 0.477405613651 1.78910237391
Averaged mask 7 shape: (28, 28)
Resized mask 7 shape: (224, 224)
Resized mask 7 min/max: 0.874100258202 0.874100258202
Mask 8 shape: (28, 28, 512)
Mask 8 min/max: 0.431272514137 1.80892352023
Averaged mask 8 shape: (28, 28)
Resized mask 8 shape: (224, 224)
Resized mask 8 min/max: 0.894362267159 0.894362267159
Mask 9 shape: (28, 28, 512)
Mask 9 min/max: 0.50515687431 1.91044313767
Averaged mask 9 shape: (28, 28)
Resized mask 9 shape: (224, 224)
Resized mask 9 min/max: 0.910442454637 0.910442454637
Mask 10 shape: (14, 14, 512)
Mask 10 min/max: 0.495233343517 1.92616831063
Averaged mask 10 shape: (14, 14)
Resized mask 10 shape: (224, 224)
Resized mask 10 min/max: 0.920336072257 0.920336072257
Mask 11 shape: (14, 14, 512)
Mask 11 min/max: 0.512833442844 2.44683892638
Averaged mask 11 shape: (14, 14)
Resized mask 11 shape: (224, 224)
Resized mask 11 min/max: 0.921623110446 0.921623110446
Mask 12 shape: (14, 14, 512)
Mask 12 min/max: 0.70080702899 2.64886373771
Averaged mask 12 shape: (14, 14)
Resized mask 12 shape: (224, 224)
Resized mask 12 min/max: 1.02350268995 1.02350268995
Final attention map shape: (224, 224)
Final attention min/max: 0.886189358028 0.886189358028
Visualization attention min/max before plotting: 0.0 0.0
Processing attention strength: 1.0
Saliency map shape: (75, 224, 224, 3)
Saliency map min/max: -0.00749151129276 0.00762462662533
Processed saliency shape: (75, 224, 224)
Processed saliency min/max: 0.0 0.00762462662533
Target shape: (75, 224, 224)
Number of attention masks: 13
Mask 0 shape: (224, 224, 64)
Mask 0 min/max: 0.366023359512 2.0
Averaged mask 0 shape: (224, 224)
Resized mask 0 shape: (75, 224)
Resized mask 0 min/max: 1.15570864716 1.15570864716
Mask 1 shape: (224, 224, 64)
Mask 1 min/max: 0.0 2.0
Averaged mask 1 shape: (224, 224)
Resized mask 1 shape: (75, 224)
Resized mask 1 min/max: 1.0722787913 1.0722787913
Mask 2 shape: (112, 112, 128)
Mask 2 min/max: 0.0 2.0
Averaged mask 2 shape: (112, 112)
Resized mask 2 shape: (75, 224)
Resized mask 2 min/max: 1.12387637667 1.12387637667
Mask 3 shape: (112, 112, 128)
Mask 3 min/max: 0.0 2.0
Averaged mask 3 shape: (112, 112)
Resized mask 3 shape: (75, 224)
Resized mask 3 min/max: 1.00881246734 1.00881246734
Mask 4 shape: (56, 56, 256)
Mask 4 min/max: 0.0 2.0
Averaged mask 4 shape: (56, 56)
Resized mask 4 shape: (75, 224)
Resized mask 4 min/max: 0.988685443559 0.988685443559
Mask 5 shape: (56, 56, 256)
Mask 5 min/max: 0.0 2.0
Averaged mask 5 shape: (56, 56)
Resized mask 5 shape: (75, 224)
Resized mask 5 min/max: 0.993435933408 0.993435933408
Mask 6 shape: (56, 56, 256)
Mask 6 min/max: 0.0 2.0
Averaged mask 6 shape: (56, 56)
Resized mask 6 shape: (75, 224)
Resized mask 6 min/max: 1.02583428839 1.02583428839
Mask 7 shape: (28, 28, 512)
Mask 7 min/max: 0.0 2.0
Averaged mask 7 shape: (28, 28)
Resized mask 7 shape: (75, 224)
Resized mask 7 min/max: 1.01765754255 1.01765754255
Mask 8 shape: (28, 28, 512)
Mask 8 min/max: 0.0 2.0
Averaged mask 8 shape: (28, 28)
Resized mask 8 shape: (75, 224)
Resized mask 8 min/max: 1.01601912399 1.01601912399
Mask 9 shape: (28, 28, 512)
Mask 9 min/max: 0.0 2.0
Averaged mask 9 shape: (28, 28)
Resized mask 9 shape: (75, 224)
Resized mask 9 min/max: 0.978978783935 0.978978783935
Mask 10 shape: (14, 14, 512)
Mask 10 min/max: 0.0 2.0
Averaged mask 10 shape: (14, 14)
Resized mask 10 shape: (75, 224)
Resized mask 10 min/max: 1.04589701356 1.04589701356
Mask 11 shape: (14, 14, 512)
Mask 11 min/max: 0.0 2.0
Averaged mask 11 shape: (14, 14)
Resized mask 11 shape: (75, 224)
Resized mask 11 min/max: 0.957794264958 0.957794264958
Mask 12 shape: (14, 14, 512)
Mask 12 min/max: 0.0 2.0
Averaged mask 12 shape: (14, 14)
Resized mask 12 shape: (75, 224)
Resized mask 12 min/max: 1.03925901826 1.03925901826
Final attention map shape: (75, 224)
Final attention min/max: 1.03263366885 1.03263366885
Metrics computation - normalized saliency min/max: 0.0 0.0
Metrics computation - normalized attention min/max: 0.0 0.0
Target shape: (75, 224, 224)
Number of attention masks: 13
Mask 0 shape: (224, 224, 64)
Mask 0 min/max: 0.114080295794 2.42896959489
Averaged mask 0 shape: (224, 224)
Resized mask 0 shape: (75, 224)
Resized mask 0 min/max: 0.819850939978 0.819850939978
Mask 1 shape: (224, 224, 64)
Mask 1 min/max: 0.229826251899 2.33430197286
Averaged mask 1 shape: (224, 224)
Resized mask 1 shape: (75, 224)
Resized mask 1 min/max: 0.693061511256 0.693061511256
Mask 2 shape: (112, 112, 128)
Mask 2 min/max: 0.0 2.01174480022
Averaged mask 2 shape: (112, 112)
Resized mask 2 shape: (75, 224)
Resized mask 2 min/max: 0.57672129998 0.57672129998
Mask 3 shape: (112, 112, 128)
Mask 3 min/max: 0.02656883903 2.00420754153
Averaged mask 3 shape: (112, 112)
Resized mask 3 shape: (75, 224)
Resized mask 3 min/max: 0.67623204176 0.67623204176
Mask 4 shape: (56, 56, 256)
Mask 4 min/max: 0.0217291269136 1.99995329327
Averaged mask 4 shape: (56, 56)
Resized mask 4 shape: (75, 224)
Resized mask 4 min/max: 0.707098583408 0.707098583408
Mask 5 shape: (56, 56, 256)
Mask 5 min/max: 0.0 2.11765844996
Averaged mask 5 shape: (56, 56)
Resized mask 5 shape: (75, 224)
Resized mask 5 min/max: 0.712416959344 0.712416959344
Mask 6 shape: (56, 56, 256)
Mask 6 min/max: 0.0364387224613 1.94127536858
Averaged mask 6 shape: (56, 56)
Resized mask 6 shape: (75, 224)
Resized mask 6 min/max: 0.770847617097 0.770847617097
Mask 7 shape: (28, 28, 512)
Mask 7 min/max: 0.0 2.57820474782
Averaged mask 7 shape: (28, 28)
Resized mask 7 shape: (75, 224)
Resized mask 7 min/max: 0.748360376642 0.748360376642
Mask 8 shape: (28, 28, 512)
Mask 8 min/max: 0.0 2.61784704046
Averaged mask 8 shape: (28, 28)
Resized mask 8 shape: (75, 224)
Resized mask 8 min/max: 0.789203298474 0.789203298474
Mask 9 shape: (28, 28, 512)
Mask 9 min/max: 0.0103137486199 2.82088627534
Averaged mask 9 shape: (28, 28)
Resized mask 9 shape: (75, 224)
Resized mask 9 min/max: 0.820884909274 0.820884909274
Mask 10 shape: (14, 14, 512)
Mask 10 min/max: 0.0 2.85233662127
Averaged mask 10 shape: (14, 14)
Resized mask 10 shape: (75, 224)
Resized mask 10 min/max: 0.840690764267 0.840690764267
Mask 11 shape: (14, 14, 512)
Mask 11 min/max: 0.0256668856886 3.89367785276
Averaged mask 11 shape: (14, 14)
Resized mask 11 shape: (75, 224)
Resized mask 11 min/max: 0.843246220891 0.843246220891
Mask 12 shape: (14, 14, 512)
Mask 12 min/max: 0.401614057979 4.29772747543
Averaged mask 12 shape: (14, 14)
Resized mask 12 shape: (75, 224)
Resized mask 12 min/max: 1.0470053799 1.0470053799
Final attention map shape: (75, 224)
Final attention min/max: 0.772739992482 0.772739992482
Metrics computation - normalized saliency min/max: 0.0 0.0
Metrics computation - normalized attention min/max: 0.0 0.0
Visualization saliency min/max before plotting: 0.0 0.0
Target shape: (224, 224)
Number of attention masks: 13
Mask 0 shape: (224, 224, 64)
Mask 0 min/max: 0.366023359512 2.0
Averaged mask 0 shape: (224, 224)
Resized mask 0 shape: (224, 224)
Resized mask 0 min/max: 1.15570864716 1.15570864716
Mask 1 shape: (224, 224, 64)
Mask 1 min/max: 0.0 2.0
Averaged mask 1 shape: (224, 224)
Resized mask 1 shape: (224, 224)
Resized mask 1 min/max: 1.0722787913 1.0722787913
Mask 2 shape: (112, 112, 128)
Mask 2 min/max: 0.0 2.0
Averaged mask 2 shape: (112, 112)
Resized mask 2 shape: (224, 224)
Resized mask 2 min/max: 1.12387637667 1.12387637667
Mask 3 shape: (112, 112, 128)
Mask 3 min/max: 0.0 2.0
Averaged mask 3 shape: (112, 112)
Resized mask 3 shape: (224, 224)
Resized mask 3 min/max: 1.00881246734 1.00881246734
Mask 4 shape: (56, 56, 256)
Mask 4 min/max: 0.0 2.0
Averaged mask 4 shape: (56, 56)
Resized mask 4 shape: (224, 224)
Resized mask 4 min/max: 0.988685443559 0.988685443559
Mask 5 shape: (56, 56, 256)
Mask 5 min/max: 0.0 2.0
Averaged mask 5 shape: (56, 56)
Resized mask 5 shape: (224, 224)
Resized mask 5 min/max: 0.993435933408 0.993435933408
Mask 6 shape: (56, 56, 256)
Mask 6 min/max: 0.0 2.0
Averaged mask 6 shape: (56, 56)
Resized mask 6 shape: (224, 224)
Resized mask 6 min/max: 1.02583428839 1.02583428839
Mask 7 shape: (28, 28, 512)
Mask 7 min/max: 0.0 2.0
Averaged mask 7 shape: (28, 28)
Resized mask 7 shape: (224, 224)
Resized mask 7 min/max: 1.01765754255 1.01765754255
Mask 8 shape: (28, 28, 512)
Mask 8 min/max: 0.0 2.0
Averaged mask 8 shape: (28, 28)
Resized mask 8 shape: (224, 224)
Resized mask 8 min/max: 1.01601912399 1.01601912399
Mask 9 shape: (28, 28, 512)
Mask 9 min/max: 0.0 2.0
Averaged mask 9 shape: (28, 28)
Resized mask 9 shape: (224, 224)
Resized mask 9 min/max: 0.978978783935 0.978978783935
Mask 10 shape: (14, 14, 512)
Mask 10 min/max: 0.0 2.0
Averaged mask 10 shape: (14, 14)
Resized mask 10 shape: (224, 224)
Resized mask 10 min/max: 1.04589701356 1.04589701356
Mask 11 shape: (14, 14, 512)
Mask 11 min/max: 0.0 2.0
Averaged mask 11 shape: (14, 14)
Resized mask 11 shape: (224, 224)
Resized mask 11 min/max: 0.957794264958 0.957794264958
Mask 12 shape: (14, 14, 512)
Mask 12 min/max: 0.0 2.0
Averaged mask 12 shape: (14, 14)
Resized mask 12 shape: (224, 224)
Resized mask 12 min/max: 1.03925901826 1.03925901826
Final attention map shape: (224, 224)
Final attention min/max: 1.03263366885 1.03263366885
Visualization attention min/max before plotting: 0.0 0.0
Visualization saliency min/max before plotting: 0.0 0.0
Target shape: (224, 224)
Number of attention masks: 13
Mask 0 shape: (224, 224, 64)
Mask 0 min/max: 0.114080295794 2.42896959489
Averaged mask 0 shape: (224, 224)
Resized mask 0 shape: (224, 224)
Resized mask 0 min/max: 0.819850939978 0.819850939978
Mask 1 shape: (224, 224, 64)
Mask 1 min/max: 0.229826251899 2.33430197286
Averaged mask 1 shape: (224, 224)
Resized mask 1 shape: (224, 224)
Resized mask 1 min/max: 0.693061511256 0.693061511256
Mask 2 shape: (112, 112, 128)
Mask 2 min/max: 0.0 2.01174480022
Averaged mask 2 shape: (112, 112)
Resized mask 2 shape: (224, 224)
Resized mask 2 min/max: 0.57672129998 0.57672129998
Mask 3 shape: (112, 112, 128)
Mask 3 min/max: 0.02656883903 2.00420754153
Averaged mask 3 shape: (112, 112)
Resized mask 3 shape: (224, 224)
Resized mask 3 min/max: 0.67623204176 0.67623204176
Mask 4 shape: (56, 56, 256)
Mask 4 min/max: 0.0217291269136 1.99995329327
Averaged mask 4 shape: (56, 56)
Resized mask 4 shape: (224, 224)
Resized mask 4 min/max: 0.707098583408 0.707098583408
Mask 5 shape: (56, 56, 256)
Mask 5 min/max: 0.0 2.11765844996
Averaged mask 5 shape: (56, 56)
Resized mask 5 shape: (224, 224)
Resized mask 5 min/max: 0.712416959344 0.712416959344
Mask 6 shape: (56, 56, 256)
Mask 6 min/max: 0.0364387224613 1.94127536858
Averaged mask 6 shape: (56, 56)
Resized mask 6 shape: (224, 224)
Resized mask 6 min/max: 0.770847617097 0.770847617097
Mask 7 shape: (28, 28, 512)
Mask 7 min/max: 0.0 2.57820474782
Averaged mask 7 shape: (28, 28)
Resized mask 7 shape: (224, 224)
Resized mask 7 min/max: 0.748360376642 0.748360376642
Mask 8 shape: (28, 28, 512)
Mask 8 min/max: 0.0 2.61784704046
Averaged mask 8 shape: (28, 28)
Resized mask 8 shape: (224, 224)
Resized mask 8 min/max: 0.789203298474 0.789203298474
Mask 9 shape: (28, 28, 512)
Mask 9 min/max: 0.0103137486199 2.82088627534
Averaged mask 9 shape: (28, 28)
Resized mask 9 shape: (224, 224)
Resized mask 9 min/max: 0.820884909274 0.820884909274
Mask 10 shape: (14, 14, 512)
Mask 10 min/max: 0.0 2.85233662127
Averaged mask 10 shape: (14, 14)
Resized mask 10 shape: (224, 224)
Resized mask 10 min/max: 0.840690764267 0.840690764267
Mask 11 shape: (14, 14, 512)
Mask 11 min/max: 0.0256668856886 3.89367785276
Averaged mask 11 shape: (14, 14)
Resized mask 11 shape: (224, 224)
Resized mask 11 min/max: 0.843246220891 0.843246220891
Mask 12 shape: (14, 14, 512)
Mask 12 min/max: 0.401614057979 4.29772747543
Averaged mask 12 shape: (14, 14)
Resized mask 12 shape: (224, 224)
Resized mask 12 min/max: 1.0470053799 1.0470053799
Final attention map shape: (224, 224)
Final attention min/max: 0.772739992482 0.772739992482
Visualization attention min/max before plotting: 0.0 0.0
Processing attention strength: 1.5
Saliency map shape: (75, 224, 224, 3)
Saliency map min/max: -0.00749151129276 0.00762462662533
Processed saliency shape: (75, 224, 224)
Processed saliency min/max: 0.0 0.00762462662533
Target shape: (75, 224, 224)
Number of attention masks: 13
Mask 0 shape: (224, 224, 64)
Mask 0 min/max: 0.0490350392686 2.5
Averaged mask 0 shape: (224, 224)
Resized mask 0 shape: (75, 224)
Resized mask 0 min/max: 1.23356297074 1.23356297074
Mask 1 shape: (224, 224, 64)
Mask 1 min/max: 0.0 2.5
Averaged mask 1 shape: (224, 224)
Resized mask 1 shape: (75, 224)
Resized mask 1 min/max: 1.13721320741 1.13721320741
Mask 2 shape: (112, 112, 128)
Mask 2 min/max: 0.0 2.5
Averaged mask 2 shape: (112, 112)
Resized mask 2 shape: (75, 224)
Resized mask 2 min/max: 1.20967449204 1.20967449204
Mask 3 shape: (112, 112, 128)
Mask 3 min/max: 0.0 2.5
Averaged mask 3 shape: (112, 112)
Resized mask 3 shape: (75, 224)
Resized mask 3 min/max: 1.04943969241 1.04943969241
Mask 4 shape: (56, 56, 256)
Mask 4 min/max: 0.0 2.5
Averaged mask 4 shape: (56, 56)
Resized mask 4 shape: (75, 224)
Resized mask 4 min/max: 1.02517575345 1.02517575345
Mask 5 shape: (56, 56, 256)
Mask 5 min/max: 0.0 2.5
Averaged mask 5 shape: (56, 56)
Resized mask 5 shape: (75, 224)
Resized mask 5 min/max: 1.03473133007 1.03473133007
Mask 6 shape: (56, 56, 256)
Mask 6 min/max: 0.0 2.5
Averaged mask 6 shape: (56, 56)
Resized mask 6 shape: (75, 224)
Resized mask 6 min/max: 1.08242019466 1.08242019466
Mask 7 shape: (28, 28, 512)
Mask 7 min/max: 0.0 2.5
Averaged mask 7 shape: (28, 28)
Resized mask 7 shape: (75, 224)
Resized mask 7 min/max: 1.06748866361 1.06748866361
Mask 8 shape: (28, 28, 512)
Mask 8 min/max: 0.0 2.5
Averaged mask 8 shape: (28, 28)
Resized mask 8 shape: (75, 224)
Resized mask 8 min/max: 1.07881480373 1.07881480373
Mask 9 shape: (28, 28, 512)
Mask 9 min/max: 0.0 2.5
Averaged mask 9 shape: (28, 28)
Resized mask 9 shape: (75, 224)
Resized mask 9 min/max: 1.01476848056 1.01476848056
Mask 10 shape: (14, 14, 512)
Mask 10 min/max: 0.0 2.5
Averaged mask 10 shape: (14, 14)
Resized mask 10 shape: (75, 224)
Resized mask 10 min/max: 1.1131797344 1.1131797344
Mask 11 shape: (14, 14, 512)
Mask 11 min/max: 0.0 2.5
Averaged mask 11 shape: (14, 14)
Resized mask 11 shape: (75, 224)
Resized mask 11 min/max: 0.996943421854 0.996943421854
Mask 12 shape: (14, 14, 512)
Mask 12 min/max: 0.0 2.5
Averaged mask 12 shape: (14, 14)
Resized mask 12 shape: (75, 224)
Resized mask 12 min/max: 1.08178785434 1.08178785434
Final attention map shape: (75, 224)
Final attention min/max: 1.08655389225 1.08655389225
Metrics computation - normalized saliency min/max: 0.0 0.0
Metrics computation - normalized attention min/max: 0.0 0.0
Target shape: (75, 224, 224)
Number of attention masks: 13
Mask 0 shape: (224, 224, 64)
Mask 0 min/max: 0.0 3.14345439233
Averaged mask 0 shape: (224, 224)
Resized mask 0 shape: (75, 224)
Resized mask 0 min/max: 0.752949886991 0.752949886991
Mask 1 shape: (224, 224, 64)
Mask 1 min/max: 0.0 3.00145295929
Averaged mask 1 shape: (224, 224)
Resized mask 1 shape: (75, 224)
Resized mask 1 min/max: 0.546667291867 0.546667291867
Mask 2 shape: (112, 112, 128)
Mask 2 min/max: 0.0 2.51761720033
Averaged mask 2 shape: (112, 112)
Resized mask 2 shape: (75, 224)
Resized mask 2 min/max: 0.399059437922 0.399059437922
Mask 3 shape: (112, 112, 128)
Mask 3 min/max: 0.0 2.5063113123
Averaged mask 3 shape: (112, 112)
Resized mask 3 shape: (75, 224)
Resized mask 3 min/max: 0.522680803649 0.522680803649
Mask 4 shape: (56, 56, 256)
Mask 4 min/max: 0.0 2.49992993991
Averaged mask 4 shape: (56, 56)
Resized mask 4 shape: (75, 224)
Resized mask 4 min/max: 0.574613190242 0.574613190242
Mask 5 shape: (56, 56, 256)
Mask 5 min/max: 0.0 2.67648767494
Averaged mask 5 shape: (56, 56)
Resized mask 5 shape: (75, 224)
Resized mask 5 min/max: 0.597250502104 0.597250502104
Mask 6 shape: (56, 56, 256)
Mask 6 min/max: 0.0 2.41191305287
Averaged mask 6 shape: (56, 56)
Resized mask 6 shape: (75, 224)
Resized mask 6 min/max: 0.670100312578 0.670100312578
Mask 7 shape: (28, 28, 512)
Mask 7 min/max: 0.0 3.36730712173
Averaged mask 7 shape: (28, 28)
Resized mask 7 shape: (75, 224)
Resized mask 7 min/max: 0.650768289263 0.650768289263
Mask 8 shape: (28, 28, 512)
Mask 8 min/max: 0.0 3.42677056069
Averaged mask 8 shape: (28, 28)
Resized mask 8 shape: (75, 224)
Resized mask 8 min/max: 0.70960558066 0.70960558066
Mask 9 shape: (28, 28, 512)
Mask 9 min/max: 0.0 3.73132941301
Averaged mask 9 shape: (28, 28)
Resized mask 9 shape: (75, 224)
Resized mask 9 min/max: 0.749124445754 0.749124445754
Mask 10 shape: (14, 14, 512)
Mask 10 min/max: 0.0 3.7785049319
Averaged mask 10 shape: (14, 14)
Resized mask 10 shape: (75, 224)
Resized mask 10 min/max: 0.781801556183 0.781801556183
Mask 11 shape: (14, 14, 512)
Mask 11 min/max: 0.0 5.34051677914
Averaged mask 11 shape: (14, 14)
Resized mask 11 shape: (75, 224)
Resized mask 11 min/max: 0.786762403642 0.786762403642
Mask 12 shape: (14, 14, 512)
Mask 12 min/max: 0.102421086969 5.94659121314
Averaged mask 12 shape: (14, 14)
Resized mask 12 shape: (75, 224)
Resized mask 12 min/max: 1.07050806985 1.07050806985
Final attention map shape: (75, 224)
Final attention min/max: 0.677837828516 0.677837828516
Metrics computation - normalized saliency min/max: 0.0 0.0
Metrics computation - normalized attention min/max: 0.0 0.0
Visualization saliency min/max before plotting: 0.0 0.0
Target shape: (224, 224)
Number of attention masks: 13
Mask 0 shape: (224, 224, 64)
Mask 0 min/max: 0.0490350392686 2.5
Averaged mask 0 shape: (224, 224)
Resized mask 0 shape: (224, 224)
Resized mask 0 min/max: 1.23356297074 1.23356297074
Mask 1 shape: (224, 224, 64)
Mask 1 min/max: 0.0 2.5
Averaged mask 1 shape: (224, 224)
Resized mask 1 shape: (224, 224)
Resized mask 1 min/max: 1.13721320741 1.13721320741
Mask 2 shape: (112, 112, 128)
Mask 2 min/max: 0.0 2.5
Averaged mask 2 shape: (112, 112)
Resized mask 2 shape: (224, 224)
Resized mask 2 min/max: 1.20967449204 1.20967449204
Mask 3 shape: (112, 112, 128)
Mask 3 min/max: 0.0 2.5
Averaged mask 3 shape: (112, 112)
Resized mask 3 shape: (224, 224)
Resized mask 3 min/max: 1.04943969241 1.04943969241
Mask 4 shape: (56, 56, 256)
Mask 4 min/max: 0.0 2.5
Averaged mask 4 shape: (56, 56)
Resized mask 4 shape: (224, 224)
Resized mask 4 min/max: 1.02517575345 1.02517575345
Mask 5 shape: (56, 56, 256)
Mask 5 min/max: 0.0 2.5
Averaged mask 5 shape: (56, 56)
Resized mask 5 shape: (224, 224)
Resized mask 5 min/max: 1.03473133007 1.03473133007
Mask 6 shape: (56, 56, 256)
Mask 6 min/max: 0.0 2.5
Averaged mask 6 shape: (56, 56)
Resized mask 6 shape: (224, 224)
Resized mask 6 min/max: 1.08242019466 1.08242019466
Mask 7 shape: (28, 28, 512)
Mask 7 min/max: 0.0 2.5
Averaged mask 7 shape: (28, 28)
Resized mask 7 shape: (224, 224)
Resized mask 7 min/max: 1.06748866361 1.06748866361
Mask 8 shape: (28, 28, 512)
Mask 8 min/max: 0.0 2.5
Averaged mask 8 shape: (28, 28)
Resized mask 8 shape: (224, 224)
Resized mask 8 min/max: 1.07881480373 1.07881480373
Mask 9 shape: (28, 28, 512)
Mask 9 min/max: 0.0 2.5
Averaged mask 9 shape: (28, 28)
Resized mask 9 shape: (224, 224)
Resized mask 9 min/max: 1.01476848056 1.01476848056
Mask 10 shape: (14, 14, 512)
Mask 10 min/max: 0.0 2.5
Averaged mask 10 shape: (14, 14)
Resized mask 10 shape: (224, 224)
Resized mask 10 min/max: 1.1131797344 1.1131797344
Mask 11 shape: (14, 14, 512)
Mask 11 min/max: 0.0 2.5
Averaged mask 11 shape: (14, 14)
Resized mask 11 shape: (224, 224)
Resized mask 11 min/max: 0.996943421854 0.996943421854
Mask 12 shape: (14, 14, 512)
Mask 12 min/max: 0.0 2.5
Averaged mask 12 shape: (14, 14)
Resized mask 12 shape: (224, 224)
Resized mask 12 min/max: 1.08178785434 1.08178785434
Final attention map shape: (224, 224)
Final attention min/max: 1.08655389225 1.08655389225
Visualization attention min/max before plotting: 0.0 0.0
Visualization saliency min/max before plotting: 0.0 0.0
Target shape: (224, 224)
Number of attention masks: 13
Mask 0 shape: (224, 224, 64)
Mask 0 min/max: 0.0 3.14345439233
Averaged mask 0 shape: (224, 224)
Resized mask 0 shape: (224, 224)
Resized mask 0 min/max: 0.752949886991 0.752949886991
Mask 1 shape: (224, 224, 64)
Mask 1 min/max: 0.0 3.00145295929
Averaged mask 1 shape: (224, 224)
Resized mask 1 shape: (224, 224)
Resized mask 1 min/max: 0.546667291867 0.546667291867
Mask 2 shape: (112, 112, 128)
Mask 2 min/max: 0.0 2.51761720033
Averaged mask 2 shape: (112, 112)
Resized mask 2 shape: (224, 224)
Resized mask 2 min/max: 0.399059437922 0.399059437922
Mask 3 shape: (112, 112, 128)
Mask 3 min/max: 0.0 2.5063113123
Averaged mask 3 shape: (112, 112)
Resized mask 3 shape: (224, 224)
Resized mask 3 min/max: 0.522680803649 0.522680803649
Mask 4 shape: (56, 56, 256)
Mask 4 min/max: 0.0 2.49992993991
Averaged mask 4 shape: (56, 56)
Resized mask 4 shape: (224, 224)
Resized mask 4 min/max: 0.574613190242 0.574613190242
Mask 5 shape: (56, 56, 256)
Mask 5 min/max: 0.0 2.67648767494
Averaged mask 5 shape: (56, 56)
Resized mask 5 shape: (224, 224)
Resized mask 5 min/max: 0.597250502104 0.597250502104
Mask 6 shape: (56, 56, 256)
Mask 6 min/max: 0.0 2.41191305287
Averaged mask 6 shape: (56, 56)
Resized mask 6 shape: (224, 224)
Resized mask 6 min/max: 0.670100312578 0.670100312578
Mask 7 shape: (28, 28, 512)
Mask 7 min/max: 0.0 3.36730712173
Averaged mask 7 shape: (28, 28)
Resized mask 7 shape: (224, 224)
Resized mask 7 min/max: 0.650768289263 0.650768289263
Mask 8 shape: (28, 28, 512)
Mask 8 min/max: 0.0 3.42677056069
Averaged mask 8 shape: (28, 28)
Resized mask 8 shape: (224, 224)
Resized mask 8 min/max: 0.70960558066 0.70960558066
Mask 9 shape: (28, 28, 512)
Mask 9 min/max: 0.0 3.73132941301
Averaged mask 9 shape: (28, 28)
Resized mask 9 shape: (224, 224)
Resized mask 9 min/max: 0.749124445754 0.749124445754
Mask 10 shape: (14, 14, 512)
Mask 10 min/max: 0.0 3.7785049319
Averaged mask 10 shape: (14, 14)
Resized mask 10 shape: (224, 224)
Resized mask 10 min/max: 0.781801556183 0.781801556183
Mask 11 shape: (14, 14, 512)
Mask 11 min/max: 0.0 5.34051677914
Averaged mask 11 shape: (14, 14)
Resized mask 11 shape: (224, 224)
Resized mask 11 min/max: 0.786762403642 0.786762403642
Mask 12 shape: (14, 14, 512)
Mask 12 min/max: 0.102421086969 5.94659121314
Averaged mask 12 shape: (14, 14)
Resized mask 12 shape: (224, 224)
Resized mask 12 min/max: 1.07050806985 1.07050806985
Final attention map shape: (224, 224)
Final attention min/max: 0.677837828516 0.677837828516
Visualization attention min/max before plotting: 0.0 0.0
(vgg16_env) Singularity> 